2016-09-01 15:35:53 - Array
(
    [errorCode] => 400
    [errorId] => sandbox-he.2016090105.2152071
    [errorMessage] => invalid id: feed/http://www.digitaltrends.com/feed/?key=f00edf6a58d2a8740e624dda919cab37
)

2016-09-01 15:36:33 - Array
(
    [errorCode] => 400
    [errorId] => sandbox-he.2016090105.2192158
    [errorMessage] => invalid id: feed/http://www.digitaltrends.com/feed/?key=f00edf6a58d2a8740e624dda919cab37
)

2016-09-01 15:48:37 - Array
(
    [errorCode] => 400
    [errorId] => sandbox-he.2016090105.2916040
    [errorMessage] => invalid id: feed/http://www.digitaltrends.com/feed/?key=f00edf6a58d2a8740e624dda919cab37
)

2016-09-01 15:48:38 - Array
(
    [errorCode] => 400
    [errorId] => sandbox-he.2016090105.2917588
    [errorMessage] => invalid id: feed/http://feeds.gawker.com/lifehacker/vip
)

2016-09-01 15:48:39 - Array
(
    [errorCode] => 400
    [errorId] => sandbox-he.2016090105.2918178
    [errorMessage] => invalid id: feed/http://feeds.gawker.com/gizmodo/full
)

2016-09-01 15:48:41 - Array
(
    [errorCode] => 400
    [errorId] => sandbox-he.2016090105.2919096
    [errorMessage] => invalid id: feed/http://feeds.wired.com/wired/index
)

2016-09-01 15:48:43 - Array
(
    [errorCode] => 400
    [errorId] => sandbox-he.2016090105.2922411
    [errorMessage] => invalid id: feed/http://www.engadget.com/rss.xml
)

2016-09-01 15:48:45 - Array
(
    [errorCode] => 400
    [errorId] => sandbox-he.2016090105.2924194
    [errorMessage] => invalid id: feed/http://feeds.mashable.com/Mashable
)

2016-09-01 15:48:46 - Array
(
    [errorCode] => 400
    [errorId] => sandbox-he.2016090105.2924965
    [errorMessage] => invalid id: feed/http://feeds.arstechnica.com/arstechnica/index/
)

2016-09-01 15:48:47 - Array
(
    [errorCode] => 400
    [errorId] => sandbox-he.2016090105.2926157
    [errorMessage] => invalid id: feed/http://feeds.feedburner.com/food52-TheAandMBlog
)

2016-09-01 15:48:48 - Array
(
    [errorCode] => 400
    [errorId] => sandbox-he.2016090105.2927625
    [errorMessage] => invalid id: feed/http://feeds.feedblitz.com/delicieux
)

2016-09-01 15:48:53 - Array
(
    [errorCode] => 400
    [errorId] => sandbox-he.2016090105.2932402
    [errorMessage] => invalid id: feed/http://bakingbites.com/feed/
)

2016-09-01 15:50:03 - Array
(
    [errorCode] => 400
    [errorId] => sandbox-he.2016090105.2977071
    [errorMessage] => invalid id: feed/http://www.digitaltrends.com/feed/?key=f00edf6a58d2a8740e624dda919cab37
)

2016-09-01 15:50:08 - Array
(
    [errorCode] => 400
    [errorId] => sandbox-he.2016090105.3007567
    [errorMessage] => invalid id: feed/http://feeds.gawker.com/lifehacker/vip
)

2016-09-01 15:50:19 - Array
(
    [errorCode] => 400
    [errorId] => sandbox-he.2016090105.3018666
    [errorMessage] => invalid id: feed/http://feeds.gawker.com/gizmodo/full
)

2016-09-01 15:50:22 - Array
(
    [errorCode] => 400
    [errorId] => sandbox-he.2016090105.3020849
    [errorMessage] => invalid id: feed/http://feeds.wired.com/wired/index
)

2016-09-01 15:50:32 - Array
(
    [errorCode] => 400
    [errorId] => sandbox-he.2016090105.3030825
    [errorMessage] => invalid id: feed/http://www.engadget.com/rss.xml
)

2016-09-01 15:50:34 - Array
(
    [errorCode] => 400
    [errorId] => sandbox-he.2016090105.3033085
    [errorMessage] => invalid id: feed/http://feeds.mashable.com/Mashable
)

2016-09-01 15:50:35 - Array
(
    [errorCode] => 400
    [errorId] => sandbox-he.2016090105.3034241
    [errorMessage] => invalid id: feed/http://feeds.arstechnica.com/arstechnica/index/
)

2016-09-01 15:50:40 - Array
(
    [errorCode] => 400
    [errorId] => sandbox-he.2016090105.3039320
    [errorMessage] => invalid id: feed/http://feeds.feedburner.com/food52-TheAandMBlog
)

2016-09-01 15:50:45 - Array
(
    [errorCode] => 400
    [errorId] => sandbox-he.2016090105.3044055
    [errorMessage] => invalid id: feed/http://feeds.feedblitz.com/delicieux
)

2016-09-01 15:50:46 - Array
(
    [errorCode] => 400
    [errorId] => sandbox-he.2016090105.3045309
    [errorMessage] => invalid id: feed/http://bakingbites.com/feed/
)

2016-09-01 15:51:06 - Array
(
    [errorCode] => 400
    [errorId] => sandbox-he.2016090105.3064769
    [errorMessage] => invalid id: feed/http://www.digitaltrends.com/feed/?key=f00edf6a58d2a8740e624dda919cab37
)

2016-09-01 15:51:10 - Array
(
    [errorCode] => 400
    [errorId] => sandbox-he.2016090105.3069545
    [errorMessage] => invalid id: feed/http://feeds.gawker.com/lifehacker/vip
)

2016-09-01 15:51:12 - Array
(
    [errorCode] => 400
    [errorId] => sandbox-he.2016090105.3071044
    [errorMessage] => invalid id: feed/http://feeds.gawker.com/gizmodo/full
)

2016-09-01 15:51:16 - Array
(
    [errorCode] => 400
    [errorId] => sandbox-he.2016090105.3074949
    [errorMessage] => invalid id: feed/http://feeds.wired.com/wired/index
)

2016-09-01 15:51:17 - Array
(
    [errorCode] => 400
    [errorId] => sandbox-he.2016090105.3076034
    [errorMessage] => invalid id: feed/http://www.engadget.com/rss.xml
)

2016-09-01 15:51:20 - Array
(
    [errorCode] => 400
    [errorId] => sandbox-he.2016090105.3079704
    [errorMessage] => invalid id: feed/http://feeds.mashable.com/Mashable
)

2016-09-01 15:51:29 - Array
(
    [errorCode] => 400
    [errorId] => sandbox-he.2016090105.3088169
    [errorMessage] => invalid id: feed/http://feeds.arstechnica.com/arstechnica/index/
)

2016-09-01 15:51:32 - Array
(
    [errorCode] => 400
    [errorId] => sandbox-he.2016090105.3091020
    [errorMessage] => invalid id: feed/http://feeds.feedburner.com/food52-TheAandMBlog
)

2016-09-01 15:51:35 - Array
(
    [errorCode] => 400
    [errorId] => sandbox-he.2016090105.3094270
    [errorMessage] => invalid id: feed/http://feeds.feedblitz.com/delicieux
)

2016-09-01 15:51:37 - Array
(
    [errorCode] => 400
    [errorId] => sandbox-he.2016090105.3095770
    [errorMessage] => invalid id: feed/http://bakingbites.com/feed/
)

2016-09-01 16:53:51 - Array
(
    [errorCode] => 400
    [errorId] => sandbox-he.2016090106.3230793
    [errorMessage] => invalid id: feed/http://feeds.gawker.com/lifehacker/vip
)

2016-09-01 16:53:53 - Array
(
    [errorCode] => 400
    [errorId] => sandbox-he.2016090106.3232357
    [errorMessage] => invalid id: feed/http://www.engadget.com/rss.xml
)

2016-09-01 16:53:54 - Array
(
    [errorCode] => 400
    [errorId] => sandbox-he.2016090106.3233988
    [errorMessage] => invalid id: feed/http://www.digitaltrends.com/feed/?key=f00edf6a58d2a8740e624dda919cab37
)

2016-09-01 16:53:55 - Array
(
    [errorCode] => 400
    [errorId] => sandbox-he.2016090106.3234655
    [errorMessage] => invalid id: feed/http://feeds.feedburner.com/Techcrunch
)

2016-09-01 16:53:56 - Array
(
    [errorCode] => 400
    [errorId] => sandbox-he.2016090106.3236150
    [errorMessage] => invalid id: feed/http://feeds.gawker.com/gizmodo/full
)

2016-09-01 16:53:59 - Array
(
    [errorCode] => 400
    [errorId] => sandbox-he.2016090106.3238441
    [errorMessage] => invalid id: feed/http://www.theverge.com/rss/full.xml
)

2016-09-01 16:54:15 - Array
(
    [errorCode] => 400
    [errorId] => sandbox-he.2016090106.3254576
    [errorMessage] => invalid id: feed/http://feeds.gawker.com/lifehacker/vip
)

2016-09-01 16:54:16 - Array
(
    [errorCode] => 400
    [errorId] => sandbox-he.2016090106.3256114
    [errorMessage] => invalid id: feed/http://www.engadget.com/rss.xml
)

2016-09-01 16:54:17 - Array
(
    [errorCode] => 400
    [errorId] => sandbox-he.2016090106.3256839
    [errorMessage] => invalid id: feed/http://www.digitaltrends.com/feed/?key=f00edf6a58d2a8740e624dda919cab37
)

2016-09-01 16:54:22 - Array
(
    [errorCode] => 400
    [errorId] => sandbox-he.2016090106.3261319
    [errorMessage] => invalid id: feed/http://feeds.feedburner.com/Techcrunch
)

2016-09-01 16:54:22 - Array
(
    [errorCode] => 400
    [errorId] => sandbox-he.2016090106.3261968
    [errorMessage] => invalid id: feed/http://feeds.gawker.com/gizmodo/full
)

2016-09-01 16:54:24 - Array
(
    [errorCode] => 400
    [errorId] => sandbox-he.2016090106.3263472
    [errorMessage] => invalid id: feed/http://www.theverge.com/rss/full.xml
)

2016-09-01 16:57:33 - Array
(
    [errorCode] => 400
    [errorId] => sandbox-he.2016090106.3452609
    [errorMessage] => invalid id: feed/http://feeds.gawker.com/lifehacker/vip
)

2016-09-01 16:57:34 - Array
(
    [errorCode] => 400
    [errorId] => sandbox-he.2016090106.3453392
    [errorMessage] => invalid id: feed/http://www.engadget.com/rss.xml
)

2016-09-01 16:57:34 - Array
(
    [errorCode] => 400
    [errorId] => sandbox-he.2016090106.3454063
    [errorMessage] => invalid id: feed/http://www.digitaltrends.com/feed/?key=f00edf6a58d2a8740e624dda919cab37
)

2016-09-01 16:57:36 - Array
(
    [errorCode] => 400
    [errorId] => sandbox-he.2016090106.3455655
    [errorMessage] => invalid id: feed/http://feeds.feedburner.com/Techcrunch
)

2016-09-01 16:57:38 - Array
(
    [errorCode] => 400
    [errorId] => sandbox-he.2016090106.3457164
    [errorMessage] => invalid id: feed/http://feeds.gawker.com/gizmodo/full
)

2016-09-01 16:57:39 - Array
(
    [errorCode] => 400
    [errorId] => sandbox-he.2016090106.3458673
    [errorMessage] => invalid id: feed/http://www.theverge.com/rss/full.xml
)

2016-09-01 17:07:17 - Array
(
    [errorCode] => 400
    [errorId] => sandbox-he.2016090107.436906
    [errorMessage] => invalid id: feed/http://feeds.gawker.com/lifehacker/vip
)

2016-09-01 17:07:21 - Array
(
    [errorCode] => 400
    [errorId] => sandbox-he.2016090107.440448
    [errorMessage] => invalid id: feed/http://www.engadget.com/rss.xml
)

2016-09-01 17:07:23 - Array
(
    [errorCode] => 400
    [errorId] => sandbox-he.2016090107.441807
    [errorMessage] => invalid id: feed/http://www.digitaltrends.com/feed/?key=f00edf6a58d2a8740e624dda919cab37
)

2016-09-01 17:07:25 - Array
(
    [errorCode] => 400
    [errorId] => sandbox-he.2016090107.444361
    [errorMessage] => invalid id: feed/http://feeds.feedburner.com/Techcrunch
)

2016-09-01 17:07:26 - Array
(
    [errorCode] => 400
    [errorId] => sandbox-he.2016090107.445427
    [errorMessage] => invalid id: feed/http://feeds.gawker.com/gizmodo/full
)

2016-09-01 17:07:27 - Array
(
    [errorCode] => 400
    [errorId] => sandbox-he.2016090107.446937
    [errorMessage] => invalid id: feed/http://www.theverge.com/rss/full.xml
)

2016-09-01 17:21:12 - Array
(
    [errorCode] => 400
    [errorId] => sandbox-he.2016090107.1271999
    [errorMessage] => invalid id: feed/http://feeds.gawker.com/lifehacker/vip
)

2016-09-01 17:21:15 - Array
(
    [errorCode] => 400
    [errorId] => sandbox-he.2016090107.1274652
    [errorMessage] => invalid id: feed/http://www.engadget.com/rss.xml
)

2016-09-01 17:21:18 - Array
(
    [errorCode] => 400
    [errorId] => sandbox-he.2016090107.1277701
    [errorMessage] => invalid id: feed/http://www.digitaltrends.com/feed/?key=f00edf6a58d2a8740e624dda919cab37
)

2016-09-01 17:21:20 - Array
(
    [errorCode] => 400
    [errorId] => sandbox-he.2016090107.1279943
    [errorMessage] => invalid id: feed/http://feeds.feedburner.com/Techcrunch
)

2016-09-01 17:21:23 - Array
(
    [errorCode] => 400
    [errorId] => sandbox-he.2016090107.1282206
    [errorMessage] => invalid id: feed/http://feeds.gawker.com/gizmodo/full
)

2016-09-01 17:21:25 - Array
(
    [errorCode] => 400
    [errorId] => sandbox-he.2016090107.1284425
    [errorMessage] => invalid id: feed/http://www.theverge.com/rss/full.xml
)

2016-09-01 17:22:19 - Array
(
    [errorCode] => 400
    [errorId] => sandbox-he.2016090107.1338199
    [errorMessage] => invalid id: feed/http://feeds.gawker.com/lifehacker/vip
)

2016-09-01 17:22:19 - Array
(
    [errorCode] => 400
    [errorId] => sandbox-he.2016090107.1339149
    [errorMessage] => invalid id: feed/http://www.engadget.com/rss.xml
)

2016-09-01 17:22:21 - Array
(
    [errorCode] => 400
    [errorId] => sandbox-he.2016090107.1340720
    [errorMessage] => invalid id: feed/http://www.digitaltrends.com/feed/?key=f00edf6a58d2a8740e624dda919cab37
)

2016-09-01 17:22:22 - Array
(
    [errorCode] => 400
    [errorId] => sandbox-he.2016090107.1341448
    [errorMessage] => invalid id: feed/http://feeds.feedburner.com/Techcrunch
)

2016-09-01 17:22:23 - Array
(
    [errorCode] => 400
    [errorId] => sandbox-he.2016090107.1343053
    [errorMessage] => invalid id: feed/http://feeds.gawker.com/gizmodo/full
)

2016-09-01 17:22:25 - Array
(
    [errorCode] => 400
    [errorId] => sandbox-he.2016090107.1344983
    [errorMessage] => invalid id: feed/http://www.theverge.com/rss/full.xml
)

2016-09-01 17:23:07 - Array
(
    [errorCode] => 400
    [errorId] => sandbox-he.2016090107.1386885
    [errorMessage] => invalid id: feed/http://feeds.gawker.com/lifehacker/vip
)

2016-09-01 17:23:09 - Array
(
    [errorCode] => 400
    [errorId] => sandbox-he.2016090107.1388762
    [errorMessage] => invalid id: feed/http://www.engadget.com/rss.xml
)

2016-09-01 17:23:11 - Array
(
    [errorCode] => 400
    [errorId] => sandbox-he.2016090107.1390341
    [errorMessage] => invalid id: feed/http://www.digitaltrends.com/feed/?key=f00edf6a58d2a8740e624dda919cab37
)

2016-09-01 17:23:12 - Array
(
    [errorCode] => 400
    [errorId] => sandbox-he.2016090107.1391882
    [errorMessage] => invalid id: feed/http://feeds.feedburner.com/Techcrunch
)

2016-09-01 17:23:13 - Array
(
    [errorCode] => 400
    [errorId] => sandbox-he.2016090107.1392790
    [errorMessage] => invalid id: feed/http://feeds.gawker.com/gizmodo/full
)

2016-09-01 17:23:14 - Array
(
    [errorCode] => 400
    [errorId] => sandbox-he.2016090107.1393682
    [errorMessage] => invalid id: feed/http://www.theverge.com/rss/full.xml
)

2016-09-01 21:44:06 - 
2016-09-02 12:51:30 - Array
(
    [continuation] => 156e6176046:258df:3f05bdd
    [ids] => Array
        (
            [0] => 6ytp7dDQylcqn9Rm8dj3stV2YoJ6Fxwe2AzgxzVkXlc=_156e80a85e7:87fa:c87d42b3
            [1] => 6ytp7dDQylcqn9Rm8dj3stV2YoJ6Fxwe2AzgxzVkXlc=_156e7ee4b0f:7d63:c87d42b3
            [2] => 6ytp7dDQylcqn9Rm8dj3stV2YoJ6Fxwe2AzgxzVkXlc=_156e7d2c2dd:6d14:c87d42b3
            [3] => 6ytp7dDQylcqn9Rm8dj3stV2YoJ6Fxwe2AzgxzVkXlc=_156e7d2c2dd:6d13:c87d42b3
            [4] => 6ytp7dDQylcqn9Rm8dj3stV2YoJ6Fxwe2AzgxzVkXlc=_156e7b6fc00:614c:c87d42b3
            [5] => 6ytp7dDQylcqn9Rm8dj3stV2YoJ6Fxwe2AzgxzVkXlc=_156e79b744c:4f47:c87d42b3
            [6] => 6ytp7dDQylcqn9Rm8dj3stV2YoJ6Fxwe2AzgxzVkXlc=_156e77f8ece:42ab:c87d42b3
            [7] => 6ytp7dDQylcqn9Rm8dj3stV2YoJ6Fxwe2AzgxzVkXlc=_156e76411ab:30ff:c87d42b3
            [8] => 6ytp7dDQylcqn9Rm8dj3stV2YoJ6Fxwe2AzgxzVkXlc=_156e76411ab:30fe:c87d42b3
            [9] => 6ytp7dDQylcqn9Rm8dj3stV2YoJ6Fxwe2AzgxzVkXlc=_156e72cb4ed:e01:c87d42b3
            [10] => 6ytp7dDQylcqn9Rm8dj3stV2YoJ6Fxwe2AzgxzVkXlc=_156e72cb4ed:e00:c87d42b3
            [11] => 6ytp7dDQylcqn9Rm8dj3stV2YoJ6Fxwe2AzgxzVkXlc=_156e6f51f3f:304cf:3f05bdd
            [12] => 6ytp7dDQylcqn9Rm8dj3stV2YoJ6Fxwe2AzgxzVkXlc=_156e6f51f3f:304ce:3f05bdd
            [13] => 6ytp7dDQylcqn9Rm8dj3stV2YoJ6Fxwe2AzgxzVkXlc=_156e6f51f3f:304cd:3f05bdd
            [14] => 6ytp7dDQylcqn9Rm8dj3stV2YoJ6Fxwe2AzgxzVkXlc=_156e6bd96c3:2deda:3f05bdd
            [15] => 6ytp7dDQylcqn9Rm8dj3stV2YoJ6Fxwe2AzgxzVkXlc=_156e6864b4c:2b559:3f05bdd
            [16] => 6ytp7dDQylcqn9Rm8dj3stV2YoJ6Fxwe2AzgxzVkXlc=_156e64edbef:28814:3f05bdd
            [17] => 6ytp7dDQylcqn9Rm8dj3stV2YoJ6Fxwe2AzgxzVkXlc=_156e632ef20:274e3:3f05bdd
            [18] => 6ytp7dDQylcqn9Rm8dj3stV2YoJ6Fxwe2AzgxzVkXlc=_156e632ef20:274e2:3f05bdd
            [19] => 6ytp7dDQylcqn9Rm8dj3stV2YoJ6Fxwe2AzgxzVkXlc=_156e6176046:258df:3f05bdd
        )

)

2016-09-02 12:51:40 - Array
(
    [continuation] => 156e79af69d:4ec7:c87d42b3
    [ids] => Array
        (
            [0] => vSbjObuspiUUUlHx496XW/WaRBw2NaRdTW1NAiwoLAs=_156ea4d4c51:18d48:c87d42b3
            [1] => vSbjObuspiUUUlHx496XW/WaRBw2NaRdTW1NAiwoLAs=_156e9fa924d:15873:c87d42b3
            [2] => vSbjObuspiUUUlHx496XW/WaRBw2NaRdTW1NAiwoLAs=_156e9a7d368:12fe5:c87d42b3
            [3] => vSbjObuspiUUUlHx496XW/WaRBw2NaRdTW1NAiwoLAs=_156e9391882:fef2:c87d42b3
            [4] => vSbjObuspiUUUlHx496XW/WaRBw2NaRdTW1NAiwoLAs=_156e91d978b:f101:c87d42b3
            [5] => vSbjObuspiUUUlHx496XW/WaRBw2NaRdTW1NAiwoLAs=_156e8e69ea9:db3f:c87d42b3
            [6] => vSbjObuspiUUUlHx496XW/WaRBw2NaRdTW1NAiwoLAs=_156e8caddc3:d3ab:c87d42b3
            [7] => vSbjObuspiUUUlHx496XW/WaRBw2NaRdTW1NAiwoLAs=_156e8af6783:c640:c87d42b3
            [8] => vSbjObuspiUUUlHx496XW/WaRBw2NaRdTW1NAiwoLAs=_156e893aad3:be34:c87d42b3
            [9] => vSbjObuspiUUUlHx496XW/WaRBw2NaRdTW1NAiwoLAs=_156e85c0500:aa17:c87d42b3
            [10] => vSbjObuspiUUUlHx496XW/WaRBw2NaRdTW1NAiwoLAs=_156e8408b75:9ca9:c87d42b3
            [11] => vSbjObuspiUUUlHx496XW/WaRBw2NaRdTW1NAiwoLAs=_156e824ea79:9481:c87d42b3
            [12] => vSbjObuspiUUUlHx496XW/WaRBw2NaRdTW1NAiwoLAs=_156e8095fee:874c:c87d42b3
            [13] => vSbjObuspiUUUlHx496XW/WaRBw2NaRdTW1NAiwoLAs=_156e7edaeb8:7d62:c87d42b3
            [14] => vSbjObuspiUUUlHx496XW/WaRBw2NaRdTW1NAiwoLAs=_156e7edaeb8:7d61:c87d42b3
            [15] => vSbjObuspiUUUlHx496XW/WaRBw2NaRdTW1NAiwoLAs=_156e7d218a8:6c78:c87d42b3
            [16] => vSbjObuspiUUUlHx496XW/WaRBw2NaRdTW1NAiwoLAs=_156e7d218a8:6c77:c87d42b3
            [17] => vSbjObuspiUUUlHx496XW/WaRBw2NaRdTW1NAiwoLAs=_156e7b67323:6133:c87d42b3
            [18] => vSbjObuspiUUUlHx496XW/WaRBw2NaRdTW1NAiwoLAs=_156e7b67323:6132:c87d42b3
            [19] => vSbjObuspiUUUlHx496XW/WaRBw2NaRdTW1NAiwoLAs=_156e79af69d:4ec7:c87d42b3
        )

)

2016-09-02 12:51:45 - Array
(
    [continuation] => 156e8407b3a:9c6f:c87d42b3
    [ids] => Array
        (
            [0] => 4S5w/twtgsRKuOCEisNFMygR2kuy5oeH1+5XQCrN9mo=_156e9fb843a:159e3:c87d42b3
            [1] => 4S5w/twtgsRKuOCEisNFMygR2kuy5oeH1+5XQCrN9mo=_156e9e007bf:14e12:c87d42b3
            [2] => 4S5w/twtgsRKuOCEisNFMygR2kuy5oeH1+5XQCrN9mo=_156e9c489f8:13bcb:c87d42b3
            [3] => 4S5w/twtgsRKuOCEisNFMygR2kuy5oeH1+5XQCrN9mo=_156e98d2f5f:12226:c87d42b3
            [4] => 4S5w/twtgsRKuOCEisNFMygR2kuy5oeH1+5XQCrN9mo=_156e9716b43:117ca:c87d42b3
            [5] => 4S5w/twtgsRKuOCEisNFMygR2kuy5oeH1+5XQCrN9mo=_156e9716b43:117c9:c87d42b3
            [6] => 4S5w/twtgsRKuOCEisNFMygR2kuy5oeH1+5XQCrN9mo=_156e9716b43:117c8:c87d42b3
            [7] => 4S5w/twtgsRKuOCEisNFMygR2kuy5oeH1+5XQCrN9mo=_156e939de36:fef7:c87d42b3
            [8] => 4S5w/twtgsRKuOCEisNFMygR2kuy5oeH1+5XQCrN9mo=_156e90234c9:e8e8:c87d42b3
            [9] => 4S5w/twtgsRKuOCEisNFMygR2kuy5oeH1+5XQCrN9mo=_156e90234c9:e8e7:c87d42b3
            [10] => 4S5w/twtgsRKuOCEisNFMygR2kuy5oeH1+5XQCrN9mo=_156e8caf351:d3ad:c87d42b3
            [11] => 4S5w/twtgsRKuOCEisNFMygR2kuy5oeH1+5XQCrN9mo=_156e8caf351:d3ac:c87d42b3
            [12] => 4S5w/twtgsRKuOCEisNFMygR2kuy5oeH1+5XQCrN9mo=_156e8af74e6:c673:c87d42b3
            [13] => 4S5w/twtgsRKuOCEisNFMygR2kuy5oeH1+5XQCrN9mo=_156e893bfb3:be35:c87d42b3
            [14] => 4S5w/twtgsRKuOCEisNFMygR2kuy5oeH1+5XQCrN9mo=_156e85c183f:aa1e:c87d42b3
            [15] => 4S5w/twtgsRKuOCEisNFMygR2kuy5oeH1+5XQCrN9mo=_156e85c183f:aa1d:c87d42b3
            [16] => 4S5w/twtgsRKuOCEisNFMygR2kuy5oeH1+5XQCrN9mo=_156e85c183f:aa1c:c87d42b3
            [17] => 4S5w/twtgsRKuOCEisNFMygR2kuy5oeH1+5XQCrN9mo=_156e85c183f:aa1b:c87d42b3
            [18] => 4S5w/twtgsRKuOCEisNFMygR2kuy5oeH1+5XQCrN9mo=_156e85c183f:aa1a:c87d42b3
            [19] => 4S5w/twtgsRKuOCEisNFMygR2kuy5oeH1+5XQCrN9mo=_156e8407b3a:9c6f:c87d42b3
        )

)

2016-09-02 12:51:48 - Array
(
    [continuation] => 156e75ff967:2819:c87d42b3
    [ids] => Array
        (
            [0] => Xne8uW/IUiZhV1EuO2ZMzIrc2Ak6NlhGjboZ+Yk0rJ8=_156ea489480:18ceb:c87d42b3
            [1] => Xne8uW/IUiZhV1EuO2ZMzIrc2Ak6NlhGjboZ+Yk0rJ8=_156ea489480:18cea:c87d42b3
            [2] => Xne8uW/IUiZhV1EuO2ZMzIrc2Ak6NlhGjboZ+Yk0rJ8=_156ea118bb2:16bb4:c87d42b3
            [3] => Xne8uW/IUiZhV1EuO2ZMzIrc2Ak6NlhGjboZ+Yk0rJ8=_156e9beb58f:13481:c87d42b3
            [4] => Xne8uW/IUiZhV1EuO2ZMzIrc2Ak6NlhGjboZ+Yk0rJ8=_156e987a959:11c54:c87d42b3
            [5] => Xne8uW/IUiZhV1EuO2ZMzIrc2Ak6NlhGjboZ+Yk0rJ8=_156e950a15d:10212:c87d42b3
            [6] => Xne8uW/IUiZhV1EuO2ZMzIrc2Ak6NlhGjboZ+Yk0rJ8=_156e8e20bd9:d6c3:c87d42b3
            [7] => Xne8uW/IUiZhV1EuO2ZMzIrc2Ak6NlhGjboZ+Yk0rJ8=_156e8740a96:ada9:c87d42b3
            [8] => Xne8uW/IUiZhV1EuO2ZMzIrc2Ak6NlhGjboZ+Yk0rJ8=_156e8583aef:a9dc:c87d42b3
            [9] => Xne8uW/IUiZhV1EuO2ZMzIrc2Ak6NlhGjboZ+Yk0rJ8=_156e8583aef:a9db:c87d42b3
            [10] => Xne8uW/IUiZhV1EuO2ZMzIrc2Ak6NlhGjboZ+Yk0rJ8=_156e821369d:944b:c87d42b3
            [11] => Xne8uW/IUiZhV1EuO2ZMzIrc2Ak6NlhGjboZ+Yk0rJ8=_156e821369d:944a:c87d42b3
            [12] => Xne8uW/IUiZhV1EuO2ZMzIrc2Ak6NlhGjboZ+Yk0rJ8=_156e821369d:9449:c87d42b3
            [13] => Xne8uW/IUiZhV1EuO2ZMzIrc2Ak6NlhGjboZ+Yk0rJ8=_156e821369d:9448:c87d42b3
            [14] => Xne8uW/IUiZhV1EuO2ZMzIrc2Ak6NlhGjboZ+Yk0rJ8=_156e805953c:80d8:c87d42b3
            [15] => Xne8uW/IUiZhV1EuO2ZMzIrc2Ak6NlhGjboZ+Yk0rJ8=_156e805953c:80d7:c87d42b3
            [16] => Xne8uW/IUiZhV1EuO2ZMzIrc2Ak6NlhGjboZ+Yk0rJ8=_156e7975ccb:4785:c87d42b3
            [17] => Xne8uW/IUiZhV1EuO2ZMzIrc2Ak6NlhGjboZ+Yk0rJ8=_156e7975ccb:4784:c87d42b3
            [18] => Xne8uW/IUiZhV1EuO2ZMzIrc2Ak6NlhGjboZ+Yk0rJ8=_156e75ff967:281a:c87d42b3
            [19] => Xne8uW/IUiZhV1EuO2ZMzIrc2Ak6NlhGjboZ+Yk0rJ8=_156e75ff967:2819:c87d42b3
        )

)

2016-09-02 12:52:11 - Array
(
    [continuation] => 156e6f15e66:2fc10:3f05bdd
    [ids] => Array
        (
            [0] => YgTD2rF1XSAfR77lKtxrTwuR+azzbzQhUxfiRyg1u0w=_156e91bc310:edea:c87d42b3
            [1] => YgTD2rF1XSAfR77lKtxrTwuR+azzbzQhUxfiRyg1u0w=_156e8e42bc9:d82f:c87d42b3
            [2] => YgTD2rF1XSAfR77lKtxrTwuR+azzbzQhUxfiRyg1u0w=_156e8ac6d2a:c1c9:c87d42b3
            [3] => YgTD2rF1XSAfR77lKtxrTwuR+azzbzQhUxfiRyg1u0w=_156e87522a7:ae03:c87d42b3
            [4] => YgTD2rF1XSAfR77lKtxrTwuR+azzbzQhUxfiRyg1u0w=_156e8594d34:a9f1:c87d42b3
            [5] => YgTD2rF1XSAfR77lKtxrTwuR+azzbzQhUxfiRyg1u0w=_156e8219676:944d:c87d42b3
            [6] => YgTD2rF1XSAfR77lKtxrTwuR+azzbzQhUxfiRyg1u0w=_156e7ea52ba:7d16:c87d42b3
            [7] => YgTD2rF1XSAfR77lKtxrTwuR+azzbzQhUxfiRyg1u0w=_156e797abc6:489e:c87d42b3
            [8] => YgTD2rF1XSAfR77lKtxrTwuR+azzbzQhUxfiRyg1u0w=_156e77ba900:425f:c87d42b3
            [9] => YgTD2rF1XSAfR77lKtxrTwuR+azzbzQhUxfiRyg1u0w=_156e77ba900:425e:c87d42b3
            [10] => YgTD2rF1XSAfR77lKtxrTwuR+azzbzQhUxfiRyg1u0w=_156e77ba900:425d:c87d42b3
            [11] => YgTD2rF1XSAfR77lKtxrTwuR+azzbzQhUxfiRyg1u0w=_156e7602f62:28e1:c87d42b3
            [12] => YgTD2rF1XSAfR77lKtxrTwuR+azzbzQhUxfiRyg1u0w=_156e7602f62:28e0:c87d42b3
            [13] => YgTD2rF1XSAfR77lKtxrTwuR+azzbzQhUxfiRyg1u0w=_156e74429a8:2280:c87d42b3
            [14] => YgTD2rF1XSAfR77lKtxrTwuR+azzbzQhUxfiRyg1u0w=_156e74429a8:227f:c87d42b3
            [15] => YgTD2rF1XSAfR77lKtxrTwuR+azzbzQhUxfiRyg1u0w=_156e728b542:4c7:c87d42b3
            [16] => YgTD2rF1XSAfR77lKtxrTwuR+azzbzQhUxfiRyg1u0w=_156e70cd6a9:31a90:3f05bdd
            [17] => YgTD2rF1XSAfR77lKtxrTwuR+azzbzQhUxfiRyg1u0w=_156e70cd6a9:31a8f:3f05bdd
            [18] => YgTD2rF1XSAfR77lKtxrTwuR+azzbzQhUxfiRyg1u0w=_156e70cd6a9:31a8e:3f05bdd
            [19] => YgTD2rF1XSAfR77lKtxrTwuR+azzbzQhUxfiRyg1u0w=_156e6f15e66:2fc10:3f05bdd
        )

)

2016-09-02 12:52:16 - Array
(
    [continuation] => 156e7797180:422d:c87d42b3
    [ids] => Array
        (
            [0] => PSNTZO8gXFUe+cpCZyApw0vEKWPT4b14D6teBEocIAE=_156ea45d38f:18cc8:c87d42b3
            [1] => PSNTZO8gXFUe+cpCZyApw0vEKWPT4b14D6teBEocIAE=_156ea2a52c3:16fc9:c87d42b3
            [2] => PSNTZO8gXFUe+cpCZyApw0vEKWPT4b14D6teBEocIAE=_156ea0edc74:16b88:c87d42b3
            [3] => PSNTZO8gXFUe+cpCZyApw0vEKWPT4b14D6teBEocIAE=_156ea0edc74:16b87:c87d42b3
            [4] => PSNTZO8gXFUe+cpCZyApw0vEKWPT4b14D6teBEocIAE=_156e932c14a:feab:c87d42b3
            [5] => PSNTZO8gXFUe+cpCZyApw0vEKWPT4b14D6teBEocIAE=_156e9173a03:ebcc:c87d42b3
            [6] => PSNTZO8gXFUe+cpCZyApw0vEKWPT4b14D6teBEocIAE=_156e8fbb725:e88b:c87d42b3
            [7] => PSNTZO8gXFUe+cpCZyApw0vEKWPT4b14D6teBEocIAE=_156e8e02d8e:d66b:c87d42b3
            [8] => PSNTZO8gXFUe+cpCZyApw0vEKWPT4b14D6teBEocIAE=_156e8a9299f:c12e:c87d42b3
            [9] => PSNTZO8gXFUe+cpCZyApw0vEKWPT4b14D6teBEocIAE=_156e88d57f4:bde9:c87d42b3
            [10] => PSNTZO8gXFUe+cpCZyApw0vEKWPT4b14D6teBEocIAE=_156e88d57f4:bde8:c87d42b3
            [11] => PSNTZO8gXFUe+cpCZyApw0vEKWPT4b14D6teBEocIAE=_156e871ccd0:ad58:c87d42b3
            [12] => PSNTZO8gXFUe+cpCZyApw0vEKWPT4b14D6teBEocIAE=_156e81f1c00:9434:c87d42b3
            [13] => PSNTZO8gXFUe+cpCZyApw0vEKWPT4b14D6teBEocIAE=_156e803a4c2:801e:c87d42b3
            [14] => PSNTZO8gXFUe+cpCZyApw0vEKWPT4b14D6teBEocIAE=_156e7e7df88:7cec:c87d42b3
            [15] => PSNTZO8gXFUe+cpCZyApw0vEKWPT4b14D6teBEocIAE=_156e7e7df88:7ceb:c87d42b3
            [16] => PSNTZO8gXFUe+cpCZyApw0vEKWPT4b14D6teBEocIAE=_156e7cc5c22:6540:c87d42b3
            [17] => PSNTZO8gXFUe+cpCZyApw0vEKWPT4b14D6teBEocIAE=_156e7cc5c22:653f:c87d42b3
            [18] => PSNTZO8gXFUe+cpCZyApw0vEKWPT4b14D6teBEocIAE=_156e794eee6:46af:c87d42b3
            [19] => PSNTZO8gXFUe+cpCZyApw0vEKWPT4b14D6teBEocIAE=_156e7797180:422d:c87d42b3
        )

)

2016-09-02 12:52:19 - Array
(
    [continuation] => 156d26abc64:bdeb5:9334cbac
    [ids] => Array
        (
            [0] => GyXSnBO3f1qb1MQ2U2kE4nEyfrbswyGkZMethTlIrT8=_156e9f43ed5:15247:c87d42b3
            [1] => GyXSnBO3f1qb1MQ2U2kE4nEyfrbswyGkZMethTlIrT8=_156e76a811e:3fd3:c87d42b3
            [2] => GyXSnBO3f1qb1MQ2U2kE4nEyfrbswyGkZMethTlIrT8=_156e6fa24bb:31374:3f05bdd
            [3] => GyXSnBO3f1qb1MQ2U2kE4nEyfrbswyGkZMethTlIrT8=_156e688d03e:2be51:3f05bdd
            [4] => GyXSnBO3f1qb1MQ2U2kE4nEyfrbswyGkZMethTlIrT8=_156e5fd7e85:24817:3f05bdd
            [5] => GyXSnBO3f1qb1MQ2U2kE4nEyfrbswyGkZMethTlIrT8=_156e3af6f41:f08a:3f05bdd
            [6] => GyXSnBO3f1qb1MQ2U2kE4nEyfrbswyGkZMethTlIrT8=_156e235eeb6:4dcf:3f05bdd
            [7] => GyXSnBO3f1qb1MQ2U2kE4nEyfrbswyGkZMethTlIrT8=_156e1fcdb22:2139:3f05bdd
            [8] => GyXSnBO3f1qb1MQ2U2kE4nEyfrbswyGkZMethTlIrT8=_156e1fcdb22:2138:3f05bdd
            [9] => GyXSnBO3f1qb1MQ2U2kE4nEyfrbswyGkZMethTlIrT8=_156e0d0ca85:55052:9334cbac
            [10] => GyXSnBO3f1qb1MQ2U2kE4nEyfrbswyGkZMethTlIrT8=_156dea160a2:41276:9334cbac
            [11] => GyXSnBO3f1qb1MQ2U2kE4nEyfrbswyGkZMethTlIrT8=_156dcdcd1a7:339ed:9334cbac
            [12] => GyXSnBO3f1qb1MQ2U2kE4nEyfrbswyGkZMethTlIrT8=_156dc3354f8:2c895:9334cbac
            [13] => GyXSnBO3f1qb1MQ2U2kE4nEyfrbswyGkZMethTlIrT8=_156dba59f74:25c08:9334cbac
            [14] => GyXSnBO3f1qb1MQ2U2kE4nEyfrbswyGkZMethTlIrT8=_156d7b32688:5174:9334cbac
            [15] => GyXSnBO3f1qb1MQ2U2kE4nEyfrbswyGkZMethTlIrT8=_156d77ad9be:3030:9334cbac
            [16] => GyXSnBO3f1qb1MQ2U2kE4nEyfrbswyGkZMethTlIrT8=_156d77ad9be:302f:9334cbac
            [17] => GyXSnBO3f1qb1MQ2U2kE4nEyfrbswyGkZMethTlIrT8=_156d70afd89:e0a05:9334cbac
            [18] => GyXSnBO3f1qb1MQ2U2kE4nEyfrbswyGkZMethTlIrT8=_156d69a394a:dba73:9334cbac
            [19] => GyXSnBO3f1qb1MQ2U2kE4nEyfrbswyGkZMethTlIrT8=_156d26abc64:bdeb5:9334cbac
        )

)

2016-09-02 12:52:22 - Array
(
    [continuation] => 156dbe98caf:28ca2:9334cbac
    [ids] => Array
        (
            [0] => QAim1bx4FGP9hqa3r6EBzSn/yMpcU1jMi3hbvRV/JZ8=_156e70e2341:31ab9:3f05bdd
            [1] => QAim1bx4FGP9hqa3r6EBzSn/yMpcU1jMi3hbvRV/JZ8=_156e6d6929b:2f658:3f05bdd
            [2] => QAim1bx4FGP9hqa3r6EBzSn/yMpcU1jMi3hbvRV/JZ8=_156e69f2f1d:2ce52:3f05bdd
            [3] => QAim1bx4FGP9hqa3r6EBzSn/yMpcU1jMi3hbvRV/JZ8=_156e683aa07:2ac60:3f05bdd
            [4] => QAim1bx4FGP9hqa3r6EBzSn/yMpcU1jMi3hbvRV/JZ8=_156e630a42d:274ac:3f05bdd
            [5] => QAim1bx4FGP9hqa3r6EBzSn/yMpcU1jMi3hbvRV/JZ8=_156e6151654:25112:3f05bdd
            [6] => QAim1bx4FGP9hqa3r6EBzSn/yMpcU1jMi3hbvRV/JZ8=_156e6151654:25111:3f05bdd
            [7] => QAim1bx4FGP9hqa3r6EBzSn/yMpcU1jMi3hbvRV/JZ8=_156e5dd5b46:22671:3f05bdd
            [8] => QAim1bx4FGP9hqa3r6EBzSn/yMpcU1jMi3hbvRV/JZ8=_156e1f99aaf:dcb:3f05bdd
            [9] => QAim1bx4FGP9hqa3r6EBzSn/yMpcU1jMi3hbvRV/JZ8=_156e1bd86b9:607d8:9334cbac
            [10] => QAim1bx4FGP9hqa3r6EBzSn/yMpcU1jMi3hbvRV/JZ8=_156e1a1fa63:5f0d9:9334cbac
            [11] => QAim1bx4FGP9hqa3r6EBzSn/yMpcU1jMi3hbvRV/JZ8=_156e16ab3a1:5c404:9334cbac
            [12] => QAim1bx4FGP9hqa3r6EBzSn/yMpcU1jMi3hbvRV/JZ8=_156e13390ef:598e5:9334cbac
            [13] => QAim1bx4FGP9hqa3r6EBzSn/yMpcU1jMi3hbvRV/JZ8=_156e117de5e:58337:9334cbac
            [14] => QAim1bx4FGP9hqa3r6EBzSn/yMpcU1jMi3hbvRV/JZ8=_156e0c50bc8:5440d:9334cbac
            [15] => QAim1bx4FGP9hqa3r6EBzSn/yMpcU1jMi3hbvRV/JZ8=_156e0a92d1d:52f47:9334cbac
            [16] => QAim1bx4FGP9hqa3r6EBzSn/yMpcU1jMi3hbvRV/JZ8=_156dc743557:2f89b:9334cbac
            [17] => QAim1bx4FGP9hqa3r6EBzSn/yMpcU1jMi3hbvRV/JZ8=_156dc743557:2f89a:9334cbac
            [18] => QAim1bx4FGP9hqa3r6EBzSn/yMpcU1jMi3hbvRV/JZ8=_156dc059f66:2a483:9334cbac
            [19] => QAim1bx4FGP9hqa3r6EBzSn/yMpcU1jMi3hbvRV/JZ8=_156dbe98caf:28ca2:9334cbac
        )

)

2016-09-02 12:52:25 - Array
(
    [continuation] => 156e708b67e:31a32:3f05bdd
    [ids] => Array
        (
            [0] => 90e4KmOTThFk07stLlf8yoiayCmDG3KGOCdHskFTQG4=_156ea281b00:16f26:c87d42b3
            [1] => 90e4KmOTThFk07stLlf8yoiayCmDG3KGOCdHskFTQG4=_156ea281b00:16f25:c87d42b3
            [2] => 90e4KmOTThFk07stLlf8yoiayCmDG3KGOCdHskFTQG4=_156e9f1239c:150f7:c87d42b3
            [3] => 90e4KmOTThFk07stLlf8yoiayCmDG3KGOCdHskFTQG4=_156e9ba087b:132cb:c87d42b3
            [4] => 90e4KmOTThFk07stLlf8yoiayCmDG3KGOCdHskFTQG4=_156e99e8584:12f6b:c87d42b3
            [5] => 90e4KmOTThFk07stLlf8yoiayCmDG3KGOCdHskFTQG4=_156e99e8584:12f6a:c87d42b3
            [6] => 90e4KmOTThFk07stLlf8yoiayCmDG3KGOCdHskFTQG4=_156e914e42b:eab8:c87d42b3
            [7] => 90e4KmOTThFk07stLlf8yoiayCmDG3KGOCdHskFTQG4=_156e8f96b95:e835:c87d42b3
            [8] => 90e4KmOTThFk07stLlf8yoiayCmDG3KGOCdHskFTQG4=_156e8c2645e:d2c6:c87d42b3
            [9] => 90e4KmOTThFk07stLlf8yoiayCmDG3KGOCdHskFTQG4=_156e800f1d7:7f43:c87d42b3
            [10] => 90e4KmOTThFk07stLlf8yoiayCmDG3KGOCdHskFTQG4=_156e800f1d7:7f42:c87d42b3
            [11] => 90e4KmOTThFk07stLlf8yoiayCmDG3KGOCdHskFTQG4=_156e7e56ac3:7ca9:c87d42b3
            [12] => 90e4KmOTThFk07stLlf8yoiayCmDG3KGOCdHskFTQG4=_156e7c9e398:6499:c87d42b3
            [13] => 90e4KmOTThFk07stLlf8yoiayCmDG3KGOCdHskFTQG4=_156e7c9e398:6498:c87d42b3
            [14] => 90e4KmOTThFk07stLlf8yoiayCmDG3KGOCdHskFTQG4=_156e7c9e398:6497:c87d42b3
            [15] => 90e4KmOTThFk07stLlf8yoiayCmDG3KGOCdHskFTQG4=_156e7adc6dc:6079:c87d42b3
            [16] => 90e4KmOTThFk07stLlf8yoiayCmDG3KGOCdHskFTQG4=_156e776bf0e:41c5:c87d42b3
            [17] => 90e4KmOTThFk07stLlf8yoiayCmDG3KGOCdHskFTQG4=_156e73fbb5d:21f3:c87d42b3
            [18] => 90e4KmOTThFk07stLlf8yoiayCmDG3KGOCdHskFTQG4=_156e73fbb5d:21f2:c87d42b3
            [19] => 90e4KmOTThFk07stLlf8yoiayCmDG3KGOCdHskFTQG4=_156e708b67e:31a32:3f05bdd
        )

)

2016-09-02 12:52:32 - Array
(
    [continuation] => 156e8a58752:bffa:c87d42b3
    [ids] => Array
        (
            [0] => 7Wf/KtnFKVZuej/qr9ZnMasSvGPeLmc0GnGGy1SgB2k=_156ea4383ef:18c80:c87d42b3
            [1] => 7Wf/KtnFKVZuej/qr9ZnMasSvGPeLmc0GnGGy1SgB2k=_156ea4383ef:18c7f:c87d42b3
            [2] => 7Wf/KtnFKVZuej/qr9ZnMasSvGPeLmc0GnGGy1SgB2k=_156ea4383ef:18c7e:c87d42b3
            [3] => 7Wf/KtnFKVZuej/qr9ZnMasSvGPeLmc0GnGGy1SgB2k=_156ea2808e5:16f0e:c87d42b3
            [4] => 7Wf/KtnFKVZuej/qr9ZnMasSvGPeLmc0GnGGy1SgB2k=_156ea2808e5:16f0d:c87d42b3
            [5] => 7Wf/KtnFKVZuej/qr9ZnMasSvGPeLmc0GnGGy1SgB2k=_156ea0c9083:16b61:c87d42b3
            [6] => 7Wf/KtnFKVZuej/qr9ZnMasSvGPeLmc0GnGGy1SgB2k=_156ea0c9083:16b60:c87d42b3
            [7] => 7Wf/KtnFKVZuej/qr9ZnMasSvGPeLmc0GnGGy1SgB2k=_156ea0c9083:16b5f:c87d42b3
            [8] => 7Wf/KtnFKVZuej/qr9ZnMasSvGPeLmc0GnGGy1SgB2k=_156ea0c9083:16b5e:c87d42b3
            [9] => 7Wf/KtnFKVZuej/qr9ZnMasSvGPeLmc0GnGGy1SgB2k=_156e9f113a6:150df:c87d42b3
            [10] => 7Wf/KtnFKVZuej/qr9ZnMasSvGPeLmc0GnGGy1SgB2k=_156e9f113a6:150de:c87d42b3
            [11] => 7Wf/KtnFKVZuej/qr9ZnMasSvGPeLmc0GnGGy1SgB2k=_156e9d54010:14cfb:c87d42b3
            [12] => 7Wf/KtnFKVZuej/qr9ZnMasSvGPeLmc0GnGGy1SgB2k=_156e9d54010:14cfa:c87d42b3
            [13] => 7Wf/KtnFKVZuej/qr9ZnMasSvGPeLmc0GnGGy1SgB2k=_156e966f2fc:11739:c87d42b3
            [14] => 7Wf/KtnFKVZuej/qr9ZnMasSvGPeLmc0GnGGy1SgB2k=_156e94b6ec8:100b0:c87d42b3
            [15] => 7Wf/KtnFKVZuej/qr9ZnMasSvGPeLmc0GnGGy1SgB2k=_156e92fda4c:fe8b:c87d42b3
            [16] => 7Wf/KtnFKVZuej/qr9ZnMasSvGPeLmc0GnGGy1SgB2k=_156e8f880e0:e7b0:c87d42b3
            [17] => 7Wf/KtnFKVZuej/qr9ZnMasSvGPeLmc0GnGGy1SgB2k=_156e8f880e0:e7af:c87d42b3
            [18] => 7Wf/KtnFKVZuej/qr9ZnMasSvGPeLmc0GnGGy1SgB2k=_156e8f880e0:e7ae:c87d42b3
            [19] => 7Wf/KtnFKVZuej/qr9ZnMasSvGPeLmc0GnGGy1SgB2k=_156e8a58752:bffa:c87d42b3
        )

)

2016-09-02 12:52:36 - Array
(
    [continuation] => 156e77f67b1:42a8:c87d42b3
    [ids] => Array
        (
            [0] => rCJg7pKVnNYe+cGb+lsdnTD6zmt4MNGy627zsl0vNH4=_156ea170771:16c15:c87d42b3
            [1] => rCJg7pKVnNYe+cGb+lsdnTD6zmt4MNGy627zsl0vNH4=_156e98d2dce:12224:c87d42b3
            [2] => rCJg7pKVnNYe+cGb+lsdnTD6zmt4MNGy627zsl0vNH4=_156e955ddbe:10931:c87d42b3
            [3] => rCJg7pKVnNYe+cGb+lsdnTD6zmt4MNGy627zsl0vNH4=_156e939efc2:fef8:c87d42b3
            [4] => rCJg7pKVnNYe+cGb+lsdnTD6zmt4MNGy627zsl0vNH4=_156e8af887f:c690:c87d42b3
            [5] => rCJg7pKVnNYe+cGb+lsdnTD6zmt4MNGy627zsl0vNH4=_156e84185f6:9e0c:c87d42b3
            [6] => rCJg7pKVnNYe+cGb+lsdnTD6zmt4MNGy627zsl0vNH4=_156e84185f6:9e0b:c87d42b3
            [7] => rCJg7pKVnNYe+cGb+lsdnTD6zmt4MNGy627zsl0vNH4=_156e825c1c8:948f:c87d42b3
            [8] => rCJg7pKVnNYe+cGb+lsdnTD6zmt4MNGy627zsl0vNH4=_156e825c1c8:948e:c87d42b3
            [9] => rCJg7pKVnNYe+cGb+lsdnTD6zmt4MNGy627zsl0vNH4=_156e825c1c8:948d:c87d42b3
            [10] => rCJg7pKVnNYe+cGb+lsdnTD6zmt4MNGy627zsl0vNH4=_156e825c1c8:948c:c87d42b3
            [11] => rCJg7pKVnNYe+cGb+lsdnTD6zmt4MNGy627zsl0vNH4=_156e825c1c8:948b:c87d42b3
            [12] => rCJg7pKVnNYe+cGb+lsdnTD6zmt4MNGy627zsl0vNH4=_156e825c1c8:948a:c87d42b3
            [13] => rCJg7pKVnNYe+cGb+lsdnTD6zmt4MNGy627zsl0vNH4=_156e7d2f629:6d7b:c87d42b3
            [14] => rCJg7pKVnNYe+cGb+lsdnTD6zmt4MNGy627zsl0vNH4=_156e7b6d4de:6143:c87d42b3
            [15] => rCJg7pKVnNYe+cGb+lsdnTD6zmt4MNGy627zsl0vNH4=_156e79b55bb:4f1f:c87d42b3
            [16] => rCJg7pKVnNYe+cGb+lsdnTD6zmt4MNGy627zsl0vNH4=_156e79b55bb:4f1e:c87d42b3
            [17] => rCJg7pKVnNYe+cGb+lsdnTD6zmt4MNGy627zsl0vNH4=_156e77f67b1:42aa:c87d42b3
            [18] => rCJg7pKVnNYe+cGb+lsdnTD6zmt4MNGy627zsl0vNH4=_156e77f67b1:42a9:c87d42b3
            [19] => rCJg7pKVnNYe+cGb+lsdnTD6zmt4MNGy627zsl0vNH4=_156e77f67b1:42a8:c87d42b3
        )

)

2016-09-02 12:53:01 - Array
(
    [continuation] => 156e7d2c32b:6d16:c87d42b3
    [ids] => Array
        (
            [0] => 1CGdPGnQy3iR9lJU8cllnVHz98faEvL13SfM07RBdZA=_156ea4e1024:18d65:c87d42b3
            [1] => 1CGdPGnQy3iR9lJU8cllnVHz98faEvL13SfM07RBdZA=_156ea16a5e3:16bfd:c87d42b3
            [2] => 1CGdPGnQy3iR9lJU8cllnVHz98faEvL13SfM07RBdZA=_156e9fb2c50:15952:c87d42b3
            [3] => 1CGdPGnQy3iR9lJU8cllnVHz98faEvL13SfM07RBdZA=_156e9fb2c50:15951:c87d42b3
            [4] => 1CGdPGnQy3iR9lJU8cllnVHz98faEvL13SfM07RBdZA=_156e9fb2c50:15950:c87d42b3
            [5] => 1CGdPGnQy3iR9lJU8cllnVHz98faEvL13SfM07RBdZA=_156e939dc4d:fef6:c87d42b3
            [6] => 1CGdPGnQy3iR9lJU8cllnVHz98faEvL13SfM07RBdZA=_156e8e70eb2:dc13:c87d42b3
            [7] => 1CGdPGnQy3iR9lJU8cllnVHz98faEvL13SfM07RBdZA=_156e8cb3fd7:d3b1:c87d42b3
            [8] => 1CGdPGnQy3iR9lJU8cllnVHz98faEvL13SfM07RBdZA=_156e8afb8cf:c6fb:c87d42b3
            [9] => 1CGdPGnQy3iR9lJU8cllnVHz98faEvL13SfM07RBdZA=_156e8afb8cf:c6fa:c87d42b3
            [10] => 1CGdPGnQy3iR9lJU8cllnVHz98faEvL13SfM07RBdZA=_156e893f95c:be36:c87d42b3
            [11] => 1CGdPGnQy3iR9lJU8cllnVHz98faEvL13SfM07RBdZA=_156e8785f1c:b312:c87d42b3
            [12] => 1CGdPGnQy3iR9lJU8cllnVHz98faEvL13SfM07RBdZA=_156e85cd507:aa26:c87d42b3
            [13] => 1CGdPGnQy3iR9lJU8cllnVHz98faEvL13SfM07RBdZA=_156e85cd507:aa25:c87d42b3
            [14] => 1CGdPGnQy3iR9lJU8cllnVHz98faEvL13SfM07RBdZA=_156e8411f72:9df2:c87d42b3
            [15] => 1CGdPGnQy3iR9lJU8cllnVHz98faEvL13SfM07RBdZA=_156e8259c78:9488:c87d42b3
            [16] => 1CGdPGnQy3iR9lJU8cllnVHz98faEvL13SfM07RBdZA=_156e7ee4bdf:7d66:c87d42b3
            [17] => 1CGdPGnQy3iR9lJU8cllnVHz98faEvL13SfM07RBdZA=_156e7ee4bdf:7d65:c87d42b3
            [18] => 1CGdPGnQy3iR9lJU8cllnVHz98faEvL13SfM07RBdZA=_156e7ee4bdf:7d64:c87d42b3
            [19] => 1CGdPGnQy3iR9lJU8cllnVHz98faEvL13SfM07RBdZA=_156e7d2c32b:6d16:c87d42b3
        )

)

2016-09-02 12:53:08 - Array
(
    [continuation] => 156e890c348:be21:c87d42b3
    [ids] => Array
        (
            [0] => uYunhGc6mnMcwnCnr6rDEvRhdZsfgW3FK1p4gMSHkiM=_156ea4c6c4a:18d1e:c87d42b3
            [1] => uYunhGc6mnMcwnCnr6rDEvRhdZsfgW3FK1p4gMSHkiM=_156ea30bfae:173a8:c87d42b3
            [2] => uYunhGc6mnMcwnCnr6rDEvRhdZsfgW3FK1p4gMSHkiM=_156ea1541e4:16bde:c87d42b3
            [3] => uYunhGc6mnMcwnCnr6rDEvRhdZsfgW3FK1p4gMSHkiM=_156ea1541e4:16bdd:c87d42b3
            [4] => uYunhGc6mnMcwnCnr6rDEvRhdZsfgW3FK1p4gMSHkiM=_156ea1541e4:16bdc:c87d42b3
            [5] => uYunhGc6mnMcwnCnr6rDEvRhdZsfgW3FK1p4gMSHkiM=_156e9c2370b:138af:c87d42b3
            [6] => uYunhGc6mnMcwnCnr6rDEvRhdZsfgW3FK1p4gMSHkiM=_156e9c2370b:138ae:c87d42b3
            [7] => uYunhGc6mnMcwnCnr6rDEvRhdZsfgW3FK1p4gMSHkiM=_156e9a625cc:12fd9:c87d42b3
            [8] => uYunhGc6mnMcwnCnr6rDEvRhdZsfgW3FK1p4gMSHkiM=_156e9a625cc:12fd8:c87d42b3
            [9] => uYunhGc6mnMcwnCnr6rDEvRhdZsfgW3FK1p4gMSHkiM=_156e9a625cc:12fd7:c87d42b3
            [10] => uYunhGc6mnMcwnCnr6rDEvRhdZsfgW3FK1p4gMSHkiM=_156e96ec5b7:117a2:c87d42b3
            [11] => uYunhGc6mnMcwnCnr6rDEvRhdZsfgW3FK1p4gMSHkiM=_156e9532f22:1042c:c87d42b3
            [12] => uYunhGc6mnMcwnCnr6rDEvRhdZsfgW3FK1p4gMSHkiM=_156e91baa27:edad:c87d42b3
            [13] => uYunhGc6mnMcwnCnr6rDEvRhdZsfgW3FK1p4gMSHkiM=_156e8fffaf9:e8cd:c87d42b3
            [14] => uYunhGc6mnMcwnCnr6rDEvRhdZsfgW3FK1p4gMSHkiM=_156e8e4571e:d8a0:c87d42b3
            [15] => uYunhGc6mnMcwnCnr6rDEvRhdZsfgW3FK1p4gMSHkiM=_156e8c85228:d322:c87d42b3
            [16] => uYunhGc6mnMcwnCnr6rDEvRhdZsfgW3FK1p4gMSHkiM=_156e8acd5e9:c308:c87d42b3
            [17] => uYunhGc6mnMcwnCnr6rDEvRhdZsfgW3FK1p4gMSHkiM=_156e890c348:be23:c87d42b3
            [18] => uYunhGc6mnMcwnCnr6rDEvRhdZsfgW3FK1p4gMSHkiM=_156e890c348:be22:c87d42b3
            [19] => uYunhGc6mnMcwnCnr6rDEvRhdZsfgW3FK1p4gMSHkiM=_156e890c348:be21:c87d42b3
        )

)

2016-09-02 12:53:11 - Array
(
    [continuation] => 156e82e47f6:94ca:c87d42b3
    [ids] => Array
        (
            [0] => 2IAKmisI+skG5eJD6FDanzV4JS35tHTM1ILbuVimBro=_156ea050c42:169d1:c87d42b3
            [1] => 2IAKmisI+skG5eJD6FDanzV4JS35tHTM1ILbuVimBro=_156e9cd2f54:14b6a:c87d42b3
            [2] => 2IAKmisI+skG5eJD6FDanzV4JS35tHTM1ILbuVimBro=_156e9cd2f54:14b69:c87d42b3
            [3] => 2IAKmisI+skG5eJD6FDanzV4JS35tHTM1ILbuVimBro=_156e9cd2f54:14b68:c87d42b3
            [4] => 2IAKmisI+skG5eJD6FDanzV4JS35tHTM1ILbuVimBro=_156e9cd2f54:14b67:c87d42b3
            [5] => 2IAKmisI+skG5eJD6FDanzV4JS35tHTM1ILbuVimBro=_156e9cd2f54:14b66:c87d42b3
            [6] => 2IAKmisI+skG5eJD6FDanzV4JS35tHTM1ILbuVimBro=_156e90b8a4b:e93f:c87d42b3
            [7] => 2IAKmisI+skG5eJD6FDanzV4JS35tHTM1ILbuVimBro=_156e90b8a4b:e93e:c87d42b3
            [8] => 2IAKmisI+skG5eJD6FDanzV4JS35tHTM1ILbuVimBro=_156e90b8a4b:e93d:c87d42b3
            [9] => 2IAKmisI+skG5eJD6FDanzV4JS35tHTM1ILbuVimBro=_156e8b89b83:d1fa:c87d42b3
            [10] => 2IAKmisI+skG5eJD6FDanzV4JS35tHTM1ILbuVimBro=_156e8b89b83:d1f9:c87d42b3
            [11] => 2IAKmisI+skG5eJD6FDanzV4JS35tHTM1ILbuVimBro=_156e865d826:aa5d:c87d42b3
            [12] => 2IAKmisI+skG5eJD6FDanzV4JS35tHTM1ILbuVimBro=_156e84a209a:a8dd:c87d42b3
            [13] => 2IAKmisI+skG5eJD6FDanzV4JS35tHTM1ILbuVimBro=_156e84a209a:a8dc:c87d42b3
            [14] => 2IAKmisI+skG5eJD6FDanzV4JS35tHTM1ILbuVimBro=_156e84a209a:a8db:c87d42b3
            [15] => 2IAKmisI+skG5eJD6FDanzV4JS35tHTM1ILbuVimBro=_156e82e47f6:94ce:c87d42b3
            [16] => 2IAKmisI+skG5eJD6FDanzV4JS35tHTM1ILbuVimBro=_156e82e47f6:94cd:c87d42b3
            [17] => 2IAKmisI+skG5eJD6FDanzV4JS35tHTM1ILbuVimBro=_156e82e47f6:94cc:c87d42b3
            [18] => 2IAKmisI+skG5eJD6FDanzV4JS35tHTM1ILbuVimBro=_156e82e47f6:94cb:c87d42b3
            [19] => 2IAKmisI+skG5eJD6FDanzV4JS35tHTM1ILbuVimBro=_156e82e47f6:94ca:c87d42b3
        )

)

2016-09-02 12:53:14 - Array
(
    [continuation] => 156e6a2d41d:2ceca:3f05bdd
    [ids] => Array
        (
            [0] => HRVU43C3QNjI2YNW0cqiEhW1I1mfsY0OucW0UZuUljs=_156ea3559cd:17e8a:c87d42b3
            [1] => HRVU43C3QNjI2YNW0cqiEhW1I1mfsY0OucW0UZuUljs=_156e9fdc515:15dbc:c87d42b3
            [2] => HRVU43C3QNjI2YNW0cqiEhW1I1mfsY0OucW0UZuUljs=_156e9e167cb:14e22:c87d42b3
            [3] => HRVU43C3QNjI2YNW0cqiEhW1I1mfsY0OucW0UZuUljs=_156e9e167cb:14e21:c87d42b3
            [4] => HRVU43C3QNjI2YNW0cqiEhW1I1mfsY0OucW0UZuUljs=_156e9c5e06f:13d7f:c87d42b3
            [5] => HRVU43C3QNjI2YNW0cqiEhW1I1mfsY0OucW0UZuUljs=_156e9c5e06f:13d7e:c87d42b3
            [6] => HRVU43C3QNjI2YNW0cqiEhW1I1mfsY0OucW0UZuUljs=_156e9aa0ab0:1300e:c87d42b3
            [7] => HRVU43C3QNjI2YNW0cqiEhW1I1mfsY0OucW0UZuUljs=_156e9aa0ab0:1300d:c87d42b3
            [8] => HRVU43C3QNjI2YNW0cqiEhW1I1mfsY0OucW0UZuUljs=_156e9aa0ab0:1300c:c87d42b3
            [9] => HRVU43C3QNjI2YNW0cqiEhW1I1mfsY0OucW0UZuUljs=_156e95750a4:10aab:c87d42b3
            [10] => HRVU43C3QNjI2YNW0cqiEhW1I1mfsY0OucW0UZuUljs=_156e93b89f7:ff13:c87d42b3
            [11] => HRVU43C3QNjI2YNW0cqiEhW1I1mfsY0OucW0UZuUljs=_156e920102e:f417:c87d42b3
            [12] => HRVU43C3QNjI2YNW0cqiEhW1I1mfsY0OucW0UZuUljs=_156e8955716:be3e:c87d42b3
            [13] => HRVU43C3QNjI2YNW0cqiEhW1I1mfsY0OucW0UZuUljs=_156e879d946:b521:c87d42b3
            [14] => HRVU43C3QNjI2YNW0cqiEhW1I1mfsY0OucW0UZuUljs=_156e7b7f9fa:61b1:c87d42b3
            [15] => HRVU43C3QNjI2YNW0cqiEhW1I1mfsY0OucW0UZuUljs=_156e71193a7:31b09:3f05bdd
            [16] => HRVU43C3QNjI2YNW0cqiEhW1I1mfsY0OucW0UZuUljs=_156e6da71e1:2f6dd:3f05bdd
            [17] => HRVU43C3QNjI2YNW0cqiEhW1I1mfsY0OucW0UZuUljs=_156e6bef9c9:2e2bb:3f05bdd
            [18] => HRVU43C3QNjI2YNW0cqiEhW1I1mfsY0OucW0UZuUljs=_156e6a2d41d:2cecb:3f05bdd
            [19] => HRVU43C3QNjI2YNW0cqiEhW1I1mfsY0OucW0UZuUljs=_156e6a2d41d:2ceca:3f05bdd
        )

)

2016-09-02 12:53:18 - Array
(
    [continuation] => 156e799696d:4ade:c87d42b3
    [ids] => Array
        (
            [0] => qvp3ktcoRC66PXWCqBjxN2MbWYclffkPjNpADz/+guA=_156ea31d9fb:176de:c87d42b3
            [1] => qvp3ktcoRC66PXWCqBjxN2MbWYclffkPjNpADz/+guA=_156ea31d9fb:176dd:c87d42b3
            [2] => qvp3ktcoRC66PXWCqBjxN2MbWYclffkPjNpADz/+guA=_156ea31d9fb:176dc:c87d42b3
            [3] => qvp3ktcoRC66PXWCqBjxN2MbWYclffkPjNpADz/+guA=_156ea31d9fb:176db:c87d42b3
            [4] => qvp3ktcoRC66PXWCqBjxN2MbWYclffkPjNpADz/+guA=_156ea31d9fb:176da:c87d42b3
            [5] => qvp3ktcoRC66PXWCqBjxN2MbWYclffkPjNpADz/+guA=_156e9fa7810:1583d:c87d42b3
            [6] => qvp3ktcoRC66PXWCqBjxN2MbWYclffkPjNpADz/+guA=_156e9a6fc49:12fdd:c87d42b3
            [7] => qvp3ktcoRC66PXWCqBjxN2MbWYclffkPjNpADz/+guA=_156e9a6fc49:12fdc:c87d42b3
            [8] => qvp3ktcoRC66PXWCqBjxN2MbWYclffkPjNpADz/+guA=_156e96f93ae:117b4:c87d42b3
            [9] => qvp3ktcoRC66PXWCqBjxN2MbWYclffkPjNpADz/+guA=_156e9384140:feed:c87d42b3
            [10] => qvp3ktcoRC66PXWCqBjxN2MbWYclffkPjNpADz/+guA=_156e9384140:feec:c87d42b3
            [11] => qvp3ktcoRC66PXWCqBjxN2MbWYclffkPjNpADz/+guA=_156e8e53e9e:d948:c87d42b3
            [12] => qvp3ktcoRC66PXWCqBjxN2MbWYclffkPjNpADz/+guA=_156e8c9329f:d32f:c87d42b3
            [13] => qvp3ktcoRC66PXWCqBjxN2MbWYclffkPjNpADz/+guA=_156e8765b51:b0da:c87d42b3
            [14] => qvp3ktcoRC66PXWCqBjxN2MbWYclffkPjNpADz/+guA=_156e85a5ef5:aa06:c87d42b3
            [15] => qvp3ktcoRC66PXWCqBjxN2MbWYclffkPjNpADz/+guA=_156e83edb66:9a41:c87d42b3
            [16] => qvp3ktcoRC66PXWCqBjxN2MbWYclffkPjNpADz/+guA=_156e7ec0087:7d56:c87d42b3
            [17] => qvp3ktcoRC66PXWCqBjxN2MbWYclffkPjNpADz/+guA=_156e7ec0087:7d55:c87d42b3
            [18] => qvp3ktcoRC66PXWCqBjxN2MbWYclffkPjNpADz/+guA=_156e7d085e5:68e8:c87d42b3
            [19] => qvp3ktcoRC66PXWCqBjxN2MbWYclffkPjNpADz/+guA=_156e799696d:4ade:c87d42b3
        )

)

2016-09-07 19:22:03 - Array
(
    [continuation] => 1570121c98c:bd690:c87d42b3
    [ids] => Array
        (
            [0] => 6ytp7dDQylcqn9Rm8dj3stV2YoJ6Fxwe2AzgxzVkXlc=_1570521fed8:e0ee9:c87d42b3
            [1] => 6ytp7dDQylcqn9Rm8dj3stV2YoJ6Fxwe2AzgxzVkXlc=_1570521fed8:e0ee8:c87d42b3
            [2] => 6ytp7dDQylcqn9Rm8dj3stV2YoJ6Fxwe2AzgxzVkXlc=_15705060cbd:df0ed:c87d42b3
            [3] => 6ytp7dDQylcqn9Rm8dj3stV2YoJ6Fxwe2AzgxzVkXlc=_15705060cbd:df0ec:c87d42b3
            [4] => 6ytp7dDQylcqn9Rm8dj3stV2YoJ6Fxwe2AzgxzVkXlc=_15704ceea73:dc2da:c87d42b3
            [5] => 6ytp7dDQylcqn9Rm8dj3stV2YoJ6Fxwe2AzgxzVkXlc=_15704ceea73:dc2d9:c87d42b3
            [6] => 6ytp7dDQylcqn9Rm8dj3stV2YoJ6Fxwe2AzgxzVkXlc=_15704b33f06:db47c:c87d42b3
            [7] => 6ytp7dDQylcqn9Rm8dj3stV2YoJ6Fxwe2AzgxzVkXlc=_1570497b6a0:d9933:c87d42b3
            [8] => 6ytp7dDQylcqn9Rm8dj3stV2YoJ6Fxwe2AzgxzVkXlc=_157047bb65f:d8a0a:c87d42b3
            [9] => 6ytp7dDQylcqn9Rm8dj3stV2YoJ6Fxwe2AzgxzVkXlc=_15704602f93:d6e56:c87d42b3
            [10] => 6ytp7dDQylcqn9Rm8dj3stV2YoJ6Fxwe2AzgxzVkXlc=_157021afcd4:c4eda:c87d42b3
            [11] => 6ytp7dDQylcqn9Rm8dj3stV2YoJ6Fxwe2AzgxzVkXlc=_15701e36bd7:c39e9:c87d42b3
            [12] => 6ytp7dDQylcqn9Rm8dj3stV2YoJ6Fxwe2AzgxzVkXlc=_15701c7dcdc:c2b96:c87d42b3
            [13] => 6ytp7dDQylcqn9Rm8dj3stV2YoJ6Fxwe2AzgxzVkXlc=_15701ac1fb8:c2238:c87d42b3
            [14] => 6ytp7dDQylcqn9Rm8dj3stV2YoJ6Fxwe2AzgxzVkXlc=_157019078cb:c112e:c87d42b3
            [15] => 6ytp7dDQylcqn9Rm8dj3stV2YoJ6Fxwe2AzgxzVkXlc=_1570174ae7b:c06a2:c87d42b3
            [16] => 6ytp7dDQylcqn9Rm8dj3stV2YoJ6Fxwe2AzgxzVkXlc=_157015928f7:bf477:c87d42b3
            [17] => 6ytp7dDQylcqn9Rm8dj3stV2YoJ6Fxwe2AzgxzVkXlc=_157015928f7:bf476:c87d42b3
            [18] => 6ytp7dDQylcqn9Rm8dj3stV2YoJ6Fxwe2AzgxzVkXlc=_157013d48fc:be8b0:c87d42b3
            [19] => 6ytp7dDQylcqn9Rm8dj3stV2YoJ6Fxwe2AzgxzVkXlc=_1570121c98c:bd690:c87d42b3
        )

)

2016-09-07 19:22:09 - Array
(
    [continuation] => 157029244c2:c7d1c:c87d42b3
    [ids] => Array
        (
            [0] => vSbjObuspiUUUlHx496XW/WaRBw2NaRdTW1NAiwoLAs=_15705620078:e45a2:c87d42b3
            [1] => vSbjObuspiUUUlHx496XW/WaRBw2NaRdTW1NAiwoLAs=_15705468a77:e28c6:c87d42b3
            [2] => vSbjObuspiUUUlHx496XW/WaRBw2NaRdTW1NAiwoLAs=_157052aad23:e16ae:c87d42b3
            [3] => vSbjObuspiUUUlHx496XW/WaRBw2NaRdTW1NAiwoLAs=_157052aad23:e16ad:c87d42b3
            [4] => vSbjObuspiUUUlHx496XW/WaRBw2NaRdTW1NAiwoLAs=_157050f1d7f:dfc4a:c87d42b3
            [5] => vSbjObuspiUUUlHx496XW/WaRBw2NaRdTW1NAiwoLAs=_15704f33b6b:dea0a:c87d42b3
            [6] => vSbjObuspiUUUlHx496XW/WaRBw2NaRdTW1NAiwoLAs=_15704f33b6b:dea09:c87d42b3
            [7] => vSbjObuspiUUUlHx496XW/WaRBw2NaRdTW1NAiwoLAs=_15704bbe619:dbbf9:c87d42b3
            [8] => vSbjObuspiUUUlHx496XW/WaRBw2NaRdTW1NAiwoLAs=_15704a06701:da2bf:c87d42b3
            [9] => vSbjObuspiUUUlHx496XW/WaRBw2NaRdTW1NAiwoLAs=_15704692316:d77e7:c87d42b3
            [10] => vSbjObuspiUUUlHx496XW/WaRBw2NaRdTW1NAiwoLAs=_157044d7c13:d673f:c87d42b3
            [11] => vSbjObuspiUUUlHx496XW/WaRBw2NaRdTW1NAiwoLAs=_1570431fb96:d4f83:c87d42b3
            [12] => vSbjObuspiUUUlHx496XW/WaRBw2NaRdTW1NAiwoLAs=_15704160815:d41cc:c87d42b3
            [13] => vSbjObuspiUUUlHx496XW/WaRBw2NaRdTW1NAiwoLAs=_15703c30e3f:d09d0:c87d42b3
            [14] => vSbjObuspiUUUlHx496XW/WaRBw2NaRdTW1NAiwoLAs=_15703c30e3f:d09cf:c87d42b3
            [15] => vSbjObuspiUUUlHx496XW/WaRBw2NaRdTW1NAiwoLAs=_15703a74c12:cfcec:c87d42b3
            [16] => vSbjObuspiUUUlHx496XW/WaRBw2NaRdTW1NAiwoLAs=_157038bcb04:ceb21:c87d42b3
            [17] => vSbjObuspiUUUlHx496XW/WaRBw2NaRdTW1NAiwoLAs=_15703012eb4:cab0b:c87d42b3
            [18] => vSbjObuspiUUUlHx496XW/WaRBw2NaRdTW1NAiwoLAs=_15702adc94b:c855c:c87d42b3
            [19] => vSbjObuspiUUUlHx496XW/WaRBw2NaRdTW1NAiwoLAs=_157029244c2:c7d1c:c87d42b3
        )

)

2016-09-07 19:22:11 - Array
(
    [continuation] => 15703a06bb1:cf861:c87d42b3
    [ids] => Array
        (
            [0] => 4S5w/twtgsRKuOCEisNFMygR2kuy5oeH1+5XQCrN9mo=_157055b9e47:e40df:c87d42b3
            [1] => 4S5w/twtgsRKuOCEisNFMygR2kuy5oeH1+5XQCrN9mo=_157055b9e47:e40de:c87d42b3
            [2] => 4S5w/twtgsRKuOCEisNFMygR2kuy5oeH1+5XQCrN9mo=_157055b9e47:e40dd:c87d42b3
            [3] => 4S5w/twtgsRKuOCEisNFMygR2kuy5oeH1+5XQCrN9mo=_157055b9e47:e40dc:c87d42b3
            [4] => 4S5w/twtgsRKuOCEisNFMygR2kuy5oeH1+5XQCrN9mo=_157055b9e47:e40db:c87d42b3
            [5] => 4S5w/twtgsRKuOCEisNFMygR2kuy5oeH1+5XQCrN9mo=_15705242d66:e10ff:c87d42b3
            [6] => 4S5w/twtgsRKuOCEisNFMygR2kuy5oeH1+5XQCrN9mo=_15705089fb7:df5b8:c87d42b3
            [7] => 4S5w/twtgsRKuOCEisNFMygR2kuy5oeH1+5XQCrN9mo=_15705089fb7:df5b7:c87d42b3
            [8] => 4S5w/twtgsRKuOCEisNFMygR2kuy5oeH1+5XQCrN9mo=_15705089fb7:df5b6:c87d42b3
            [9] => 4S5w/twtgsRKuOCEisNFMygR2kuy5oeH1+5XQCrN9mo=_15705089fb7:df5b5:c87d42b3
            [10] => 4S5w/twtgsRKuOCEisNFMygR2kuy5oeH1+5XQCrN9mo=_15705089fb7:df5b4:c87d42b3
            [11] => 4S5w/twtgsRKuOCEisNFMygR2kuy5oeH1+5XQCrN9mo=_15704ecf1ec:de524:c87d42b3
            [12] => 4S5w/twtgsRKuOCEisNFMygR2kuy5oeH1+5XQCrN9mo=_15704ecf1ec:de523:c87d42b3
            [13] => 4S5w/twtgsRKuOCEisNFMygR2kuy5oeH1+5XQCrN9mo=_15704d16bb5:dc801:c87d42b3
            [14] => 4S5w/twtgsRKuOCEisNFMygR2kuy5oeH1+5XQCrN9mo=_15704d16bb5:dc800:c87d42b3
            [15] => 4S5w/twtgsRKuOCEisNFMygR2kuy5oeH1+5XQCrN9mo=_15704b575d3:db66f:c87d42b3
            [16] => 4S5w/twtgsRKuOCEisNFMygR2kuy5oeH1+5XQCrN9mo=_15704b575d3:db66e:c87d42b3
            [17] => 4S5w/twtgsRKuOCEisNFMygR2kuy5oeH1+5XQCrN9mo=_1570499eaa5:d9d00:c87d42b3
            [18] => 4S5w/twtgsRKuOCEisNFMygR2kuy5oeH1+5XQCrN9mo=_15703a06bb1:cf862:c87d42b3
            [19] => 4S5w/twtgsRKuOCEisNFMygR2kuy5oeH1+5XQCrN9mo=_15703a06bb1:cf861:c87d42b3
        )

)

2016-09-07 19:22:13 - Array
(
    [continuation] => 1570431fb19:d4f7f:c87d42b3
    [ids] => Array
        (
            [0] => Xne8uW/IUiZhV1EuO2ZMzIrc2Ak6NlhGjboZ+Yk0rJ8=_157056275ac:e45cb:c87d42b3
            [1] => Xne8uW/IUiZhV1EuO2ZMzIrc2Ak6NlhGjboZ+Yk0rJ8=_157056275ac:e45ca:c87d42b3
            [2] => Xne8uW/IUiZhV1EuO2ZMzIrc2Ak6NlhGjboZ+Yk0rJ8=_1570546e74b:e2a00:c87d42b3
            [3] => Xne8uW/IUiZhV1EuO2ZMzIrc2Ak6NlhGjboZ+Yk0rJ8=_1570546e74b:e29ff:c87d42b3
            [4] => Xne8uW/IUiZhV1EuO2ZMzIrc2Ak6NlhGjboZ+Yk0rJ8=_157052ac063:e16b3:c87d42b3
            [5] => Xne8uW/IUiZhV1EuO2ZMzIrc2Ak6NlhGjboZ+Yk0rJ8=_157050f4007:dfc87:c87d42b3
            [6] => Xne8uW/IUiZhV1EuO2ZMzIrc2Ak6NlhGjboZ+Yk0rJ8=_15704f36235:dea16:c87d42b3
            [7] => Xne8uW/IUiZhV1EuO2ZMzIrc2Ak6NlhGjboZ+Yk0rJ8=_15704f36235:dea15:c87d42b3
            [8] => Xne8uW/IUiZhV1EuO2ZMzIrc2Ak6NlhGjboZ+Yk0rJ8=_15704f36235:dea14:c87d42b3
            [9] => Xne8uW/IUiZhV1EuO2ZMzIrc2Ak6NlhGjboZ+Yk0rJ8=_15704d7d9aa:dcec7:c87d42b3
            [10] => Xne8uW/IUiZhV1EuO2ZMzIrc2Ak6NlhGjboZ+Yk0rJ8=_15704d7d9aa:dcec6:c87d42b3
            [11] => Xne8uW/IUiZhV1EuO2ZMzIrc2Ak6NlhGjboZ+Yk0rJ8=_15704bc47a9:dbc02:c87d42b3
            [12] => Xne8uW/IUiZhV1EuO2ZMzIrc2Ak6NlhGjboZ+Yk0rJ8=_15704a0cc89:da35a:c87d42b3
            [13] => Xne8uW/IUiZhV1EuO2ZMzIrc2Ak6NlhGjboZ+Yk0rJ8=_15704851e64:d91b3:c87d42b3
            [14] => Xne8uW/IUiZhV1EuO2ZMzIrc2Ak6NlhGjboZ+Yk0rJ8=_15704696c55:d78c0:c87d42b3
            [15] => Xne8uW/IUiZhV1EuO2ZMzIrc2Ak6NlhGjboZ+Yk0rJ8=_15704696c55:d78bf:c87d42b3
            [16] => Xne8uW/IUiZhV1EuO2ZMzIrc2Ak6NlhGjboZ+Yk0rJ8=_15704696c55:d78be:c87d42b3
            [17] => Xne8uW/IUiZhV1EuO2ZMzIrc2Ak6NlhGjboZ+Yk0rJ8=_157044d7b6c:d673e:c87d42b3
            [18] => Xne8uW/IUiZhV1EuO2ZMzIrc2Ak6NlhGjboZ+Yk0rJ8=_157044d7b6c:d673d:c87d42b3
            [19] => Xne8uW/IUiZhV1EuO2ZMzIrc2Ak6NlhGjboZ+Yk0rJ8=_1570431fb19:d4f7f:c87d42b3
        )

)

2016-09-07 19:22:16 - Array
(
    [continuation] => 15703386bcf:cc2c3:c87d42b3
    [ids] => Array
        (
            [0] => YgTD2rF1XSAfR77lKtxrTwuR+azzbzQhUxfiRyg1u0w=_15705623b5e:e45b0:c87d42b3
            [1] => YgTD2rF1XSAfR77lKtxrTwuR+azzbzQhUxfiRyg1u0w=_15705623b5e:e45af:c87d42b3
            [2] => YgTD2rF1XSAfR77lKtxrTwuR+azzbzQhUxfiRyg1u0w=_1570546bbed:e2919:c87d42b3
            [3] => YgTD2rF1XSAfR77lKtxrTwuR+azzbzQhUxfiRyg1u0w=_157052ae794:e16d5:c87d42b3
            [4] => YgTD2rF1XSAfR77lKtxrTwuR+azzbzQhUxfiRyg1u0w=_157050f6aa5:dfcf8:c87d42b3
            [5] => YgTD2rF1XSAfR77lKtxrTwuR+azzbzQhUxfiRyg1u0w=_157050f6aa5:dfcf7:c87d42b3
            [6] => YgTD2rF1XSAfR77lKtxrTwuR+azzbzQhUxfiRyg1u0w=_157050f6aa5:dfcf6:c87d42b3
            [7] => YgTD2rF1XSAfR77lKtxrTwuR+azzbzQhUxfiRyg1u0w=_157050f6aa5:dfcf5:c87d42b3
            [8] => YgTD2rF1XSAfR77lKtxrTwuR+azzbzQhUxfiRyg1u0w=_15704f3b0bd:dea44:c87d42b3
            [9] => YgTD2rF1XSAfR77lKtxrTwuR+azzbzQhUxfiRyg1u0w=_15704f3b0bd:dea43:c87d42b3
            [10] => YgTD2rF1XSAfR77lKtxrTwuR+azzbzQhUxfiRyg1u0w=_15704d812bf:dcf8d:c87d42b3
            [11] => YgTD2rF1XSAfR77lKtxrTwuR+azzbzQhUxfiRyg1u0w=_15704d812bf:dcf8c:c87d42b3
            [12] => YgTD2rF1XSAfR77lKtxrTwuR+azzbzQhUxfiRyg1u0w=_15704d812bf:dcf8b:c87d42b3
            [13] => YgTD2rF1XSAfR77lKtxrTwuR+azzbzQhUxfiRyg1u0w=_15704bc47f7:dbc05:c87d42b3
            [14] => YgTD2rF1XSAfR77lKtxrTwuR+azzbzQhUxfiRyg1u0w=_15704a0cc7b:da362:c87d42b3
            [15] => YgTD2rF1XSAfR77lKtxrTwuR+azzbzQhUxfiRyg1u0w=_15704a0cc7b:da361:c87d42b3
            [16] => YgTD2rF1XSAfR77lKtxrTwuR+azzbzQhUxfiRyg1u0w=_15704a0cc7b:da360:c87d42b3
            [17] => YgTD2rF1XSAfR77lKtxrTwuR+azzbzQhUxfiRyg1u0w=_15704a0cc7b:da35f:c87d42b3
            [18] => YgTD2rF1XSAfR77lKtxrTwuR+azzbzQhUxfiRyg1u0w=_15704a0cc7b:da35e:c87d42b3
            [19] => YgTD2rF1XSAfR77lKtxrTwuR+azzbzQhUxfiRyg1u0w=_15703386bcf:cc2c3:c87d42b3
        )

)

2016-09-07 19:22:17 - Array
(
    [continuation] => 157044b9215:d65fb:c87d42b3
    [ids] => Array
        (
            [0] => PSNTZO8gXFUe+cpCZyApw0vEKWPT4b14D6teBEocIAE=_15705619e7a:e4552:c87d42b3
            [1] => PSNTZO8gXFUe+cpCZyApw0vEKWPT4b14D6teBEocIAE=_15705619e7a:e4551:c87d42b3
            [2] => PSNTZO8gXFUe+cpCZyApw0vEKWPT4b14D6teBEocIAE=_15705619e7a:e4550:c87d42b3
            [3] => PSNTZO8gXFUe+cpCZyApw0vEKWPT4b14D6teBEocIAE=_1570545dfee:e2899:c87d42b3
            [4] => PSNTZO8gXFUe+cpCZyApw0vEKWPT4b14D6teBEocIAE=_157052a2931:e1696:c87d42b3
            [5] => PSNTZO8gXFUe+cpCZyApw0vEKWPT4b14D6teBEocIAE=_157050e8336:dfc19:c87d42b3
            [6] => PSNTZO8gXFUe+cpCZyApw0vEKWPT4b14D6teBEocIAE=_157050e8336:dfc18:c87d42b3
            [7] => PSNTZO8gXFUe+cpCZyApw0vEKWPT4b14D6teBEocIAE=_157050e8336:dfc17:c87d42b3
            [8] => PSNTZO8gXFUe+cpCZyApw0vEKWPT4b14D6teBEocIAE=_157050e8336:dfc16:c87d42b3
            [9] => PSNTZO8gXFUe+cpCZyApw0vEKWPT4b14D6teBEocIAE=_15704f25115:de934:c87d42b3
            [10] => PSNTZO8gXFUe+cpCZyApw0vEKWPT4b14D6teBEocIAE=_15704f25115:de933:c87d42b3
            [11] => PSNTZO8gXFUe+cpCZyApw0vEKWPT4b14D6teBEocIAE=_15704d6c63d:dce12:c87d42b3
            [12] => PSNTZO8gXFUe+cpCZyApw0vEKWPT4b14D6teBEocIAE=_15704d6c63d:dce11:c87d42b3
            [13] => PSNTZO8gXFUe+cpCZyApw0vEKWPT4b14D6teBEocIAE=_15704d6c63d:dce10:c87d42b3
            [14] => PSNTZO8gXFUe+cpCZyApw0vEKWPT4b14D6teBEocIAE=_15704baaa0a:dbb34:c87d42b3
            [15] => PSNTZO8gXFUe+cpCZyApw0vEKWPT4b14D6teBEocIAE=_157049f2e8c:da1e5:c87d42b3
            [16] => PSNTZO8gXFUe+cpCZyApw0vEKWPT4b14D6teBEocIAE=_157049f2e8c:da1e4:c87d42b3
            [17] => PSNTZO8gXFUe+cpCZyApw0vEKWPT4b14D6teBEocIAE=_15704831f5b:d90a8:c87d42b3
            [18] => PSNTZO8gXFUe+cpCZyApw0vEKWPT4b14D6teBEocIAE=_15704831f5b:d90a7:c87d42b3
            [19] => PSNTZO8gXFUe+cpCZyApw0vEKWPT4b14D6teBEocIAE=_157044b9215:d65fb:c87d42b3
        )

)

2016-09-07 19:22:20 - Array
(
    [continuation] => 156e3af6f41:f08a:3f05bdd
    [ids] => Array
        (
            [0] => GyXSnBO3f1qb1MQ2U2kE4nEyfrbswyGkZMethTlIrT8=_1570573ddbf:e4b51:c87d42b3
            [1] => GyXSnBO3f1qb1MQ2U2kE4nEyfrbswyGkZMethTlIrT8=_15702ade681:c8583:c87d42b3
            [2] => GyXSnBO3f1qb1MQ2U2kE4nEyfrbswyGkZMethTlIrT8=_15701248fcd:bd8bf:c87d42b3
            [3] => GyXSnBO3f1qb1MQ2U2kE4nEyfrbswyGkZMethTlIrT8=_15700b45e67:b9215:c87d42b3
            [4] => GyXSnBO3f1qb1MQ2U2kE4nEyfrbswyGkZMethTlIrT8=_1570043e961:b43f0:c87d42b3
            [5] => GyXSnBO3f1qb1MQ2U2kE4nEyfrbswyGkZMethTlIrT8=_156ffb62267:adab8:c87d42b3
            [6] => GyXSnBO3f1qb1MQ2U2kE4nEyfrbswyGkZMethTlIrT8=_156fbf27860:9099f:c87d42b3
            [7] => GyXSnBO3f1qb1MQ2U2kE4nEyfrbswyGkZMethTlIrT8=_156fb300513:8a43c:c87d42b3
            [8] => GyXSnBO3f1qb1MQ2U2kE4nEyfrbswyGkZMethTlIrT8=_156f60041bd:653d5:c87d42b3
            [9] => GyXSnBO3f1qb1MQ2U2kE4nEyfrbswyGkZMethTlIrT8=_156f572b2c8:61d87:c87d42b3
            [10] => GyXSnBO3f1qb1MQ2U2kE4nEyfrbswyGkZMethTlIrT8=_156f13e8a02:4c6aa:c87d42b3
            [11] => GyXSnBO3f1qb1MQ2U2kE4nEyfrbswyGkZMethTlIrT8=_156f0cdcfc9:4999e:c87d42b3
            [12] => GyXSnBO3f1qb1MQ2U2kE4nEyfrbswyGkZMethTlIrT8=_156ebb95b1b:28ce2:c87d42b3
            [13] => GyXSnBO3f1qb1MQ2U2kE4nEyfrbswyGkZMethTlIrT8=_156eb2cd4ce:220f3:c87d42b3
            [14] => GyXSnBO3f1qb1MQ2U2kE4nEyfrbswyGkZMethTlIrT8=_156e9f43ed5:15247:c87d42b3
            [15] => GyXSnBO3f1qb1MQ2U2kE4nEyfrbswyGkZMethTlIrT8=_156e76a811e:3fd3:c87d42b3
            [16] => GyXSnBO3f1qb1MQ2U2kE4nEyfrbswyGkZMethTlIrT8=_156e6fa24bb:31374:3f05bdd
            [17] => GyXSnBO3f1qb1MQ2U2kE4nEyfrbswyGkZMethTlIrT8=_156e688d03e:2be51:3f05bdd
            [18] => GyXSnBO3f1qb1MQ2U2kE4nEyfrbswyGkZMethTlIrT8=_156e5fd7e85:24817:3f05bdd
            [19] => GyXSnBO3f1qb1MQ2U2kE4nEyfrbswyGkZMethTlIrT8=_156e3af6f41:f08a:3f05bdd
        )

)

2016-09-07 19:22:22 - Array
(
    [continuation] => 156ebd05de6:2988c:c87d42b3
    [ids] => Array
        (
            [0] => QAim1bx4FGP9hqa3r6EBzSn/yMpcU1jMi3hbvRV/JZ8=_1570546b172:e2901:c87d42b3
            [1] => QAim1bx4FGP9hqa3r6EBzSn/yMpcU1jMi3hbvRV/JZ8=_157050f5241:dfc9a:c87d42b3
            [2] => QAim1bx4FGP9hqa3r6EBzSn/yMpcU1jMi3hbvRV/JZ8=_15704f38959:dea1f:c87d42b3
            [3] => QAim1bx4FGP9hqa3r6EBzSn/yMpcU1jMi3hbvRV/JZ8=_15704bc47b1:dbc04:c87d42b3
            [4] => QAim1bx4FGP9hqa3r6EBzSn/yMpcU1jMi3hbvRV/JZ8=_15700bce9d8:b9912:c87d42b3
            [5] => QAim1bx4FGP9hqa3r6EBzSn/yMpcU1jMi3hbvRV/JZ8=_157004dfd25:b4dee:c87d42b3
            [6] => QAim1bx4FGP9hqa3r6EBzSn/yMpcU1jMi3hbvRV/JZ8=_156ffa87a62:acfbf:c87d42b3
            [7] => QAim1bx4FGP9hqa3r6EBzSn/yMpcU1jMi3hbvRV/JZ8=_156ff8ce32e:abd6a:c87d42b3
            [8] => QAim1bx4FGP9hqa3r6EBzSn/yMpcU1jMi3hbvRV/JZ8=_156fb71141d:8c9e1:c87d42b3
            [9] => QAim1bx4FGP9hqa3r6EBzSn/yMpcU1jMi3hbvRV/JZ8=_156fb1e280b:89dc4:c87d42b3
            [10] => QAim1bx4FGP9hqa3r6EBzSn/yMpcU1jMi3hbvRV/JZ8=_156fae72346:87c8c:c87d42b3
            [11] => QAim1bx4FGP9hqa3r6EBzSn/yMpcU1jMi3hbvRV/JZ8=_156fa93c206:84802:c87d42b3
            [12] => QAim1bx4FGP9hqa3r6EBzSn/yMpcU1jMi3hbvRV/JZ8=_156f5d3cbaa:64310:c87d42b3
            [13] => QAim1bx4FGP9hqa3r6EBzSn/yMpcU1jMi3hbvRV/JZ8=_156f59ca886:62dbd:c87d42b3
            [14] => QAim1bx4FGP9hqa3r6EBzSn/yMpcU1jMi3hbvRV/JZ8=_156f580c3c7:6249d:c87d42b3
            [15] => QAim1bx4FGP9hqa3r6EBzSn/yMpcU1jMi3hbvRV/JZ8=_156f580c3c7:6249c:c87d42b3
            [16] => QAim1bx4FGP9hqa3r6EBzSn/yMpcU1jMi3hbvRV/JZ8=_156f08d9ad3:481e8:c87d42b3
            [17] => QAim1bx4FGP9hqa3r6EBzSn/yMpcU1jMi3hbvRV/JZ8=_156ebec4eaa:2a7dc:c87d42b3
            [18] => QAim1bx4FGP9hqa3r6EBzSn/yMpcU1jMi3hbvRV/JZ8=_156ebd05de6:2988d:c87d42b3
            [19] => QAim1bx4FGP9hqa3r6EBzSn/yMpcU1jMi3hbvRV/JZ8=_156ebd05de6:2988c:c87d42b3
        )

)

2016-09-07 19:23:50 - Array
(
    [continuation] => 156ebd05de6:2988c:c87d42b3
    [ids] => Array
        (
            [0] => QAim1bx4FGP9hqa3r6EBzSn/yMpcU1jMi3hbvRV/JZ8=_1570546b172:e2901:c87d42b3
            [1] => QAim1bx4FGP9hqa3r6EBzSn/yMpcU1jMi3hbvRV/JZ8=_157050f5241:dfc9a:c87d42b3
            [2] => QAim1bx4FGP9hqa3r6EBzSn/yMpcU1jMi3hbvRV/JZ8=_15704f38959:dea1f:c87d42b3
            [3] => QAim1bx4FGP9hqa3r6EBzSn/yMpcU1jMi3hbvRV/JZ8=_15704bc47b1:dbc04:c87d42b3
            [4] => QAim1bx4FGP9hqa3r6EBzSn/yMpcU1jMi3hbvRV/JZ8=_15700bce9d8:b9912:c87d42b3
            [5] => QAim1bx4FGP9hqa3r6EBzSn/yMpcU1jMi3hbvRV/JZ8=_157004dfd25:b4dee:c87d42b3
            [6] => QAim1bx4FGP9hqa3r6EBzSn/yMpcU1jMi3hbvRV/JZ8=_156ffa87a62:acfbf:c87d42b3
            [7] => QAim1bx4FGP9hqa3r6EBzSn/yMpcU1jMi3hbvRV/JZ8=_156ff8ce32e:abd6a:c87d42b3
            [8] => QAim1bx4FGP9hqa3r6EBzSn/yMpcU1jMi3hbvRV/JZ8=_156fb71141d:8c9e1:c87d42b3
            [9] => QAim1bx4FGP9hqa3r6EBzSn/yMpcU1jMi3hbvRV/JZ8=_156fb1e280b:89dc4:c87d42b3
            [10] => QAim1bx4FGP9hqa3r6EBzSn/yMpcU1jMi3hbvRV/JZ8=_156fae72346:87c8c:c87d42b3
            [11] => QAim1bx4FGP9hqa3r6EBzSn/yMpcU1jMi3hbvRV/JZ8=_156fa93c206:84802:c87d42b3
            [12] => QAim1bx4FGP9hqa3r6EBzSn/yMpcU1jMi3hbvRV/JZ8=_156f5d3cbaa:64310:c87d42b3
            [13] => QAim1bx4FGP9hqa3r6EBzSn/yMpcU1jMi3hbvRV/JZ8=_156f59ca886:62dbd:c87d42b3
            [14] => QAim1bx4FGP9hqa3r6EBzSn/yMpcU1jMi3hbvRV/JZ8=_156f580c3c7:6249d:c87d42b3
            [15] => QAim1bx4FGP9hqa3r6EBzSn/yMpcU1jMi3hbvRV/JZ8=_156f580c3c7:6249c:c87d42b3
            [16] => QAim1bx4FGP9hqa3r6EBzSn/yMpcU1jMi3hbvRV/JZ8=_156f08d9ad3:481e8:c87d42b3
            [17] => QAim1bx4FGP9hqa3r6EBzSn/yMpcU1jMi3hbvRV/JZ8=_156ebec4eaa:2a7dc:c87d42b3
            [18] => QAim1bx4FGP9hqa3r6EBzSn/yMpcU1jMi3hbvRV/JZ8=_156ebd05de6:2988d:c87d42b3
            [19] => QAim1bx4FGP9hqa3r6EBzSn/yMpcU1jMi3hbvRV/JZ8=_156ebd05de6:2988c:c87d42b3
        )

)

2016-09-07 19:23:52 - Array
(
    [continuation] => 157044d2328:d6684:c87d42b3
    [ids] => Array
        (
            [0] => 90e4KmOTThFk07stLlf8yoiayCmDG3KGOCdHskFTQG4=_1570545e010:e289d:c87d42b3
            [1] => 90e4KmOTThFk07stLlf8yoiayCmDG3KGOCdHskFTQG4=_1570545e010:e289c:c87d42b3
            [2] => 90e4KmOTThFk07stLlf8yoiayCmDG3KGOCdHskFTQG4=_1570545e010:e289b:c87d42b3
            [3] => 90e4KmOTThFk07stLlf8yoiayCmDG3KGOCdHskFTQG4=_157052a293c:e169a:c87d42b3
            [4] => 90e4KmOTThFk07stLlf8yoiayCmDG3KGOCdHskFTQG4=_157052a293c:e1699:c87d42b3
            [5] => 90e4KmOTThFk07stLlf8yoiayCmDG3KGOCdHskFTQG4=_157052a293c:e1698:c87d42b3
            [6] => 90e4KmOTThFk07stLlf8yoiayCmDG3KGOCdHskFTQG4=_157052a293c:e1697:c87d42b3
            [7] => 90e4KmOTThFk07stLlf8yoiayCmDG3KGOCdHskFTQG4=_157050e9265:dfc36:c87d42b3
            [8] => 90e4KmOTThFk07stLlf8yoiayCmDG3KGOCdHskFTQG4=_157050e9265:dfc35:c87d42b3
            [9] => 90e4KmOTThFk07stLlf8yoiayCmDG3KGOCdHskFTQG4=_157050e9265:dfc34:c87d42b3
            [10] => 90e4KmOTThFk07stLlf8yoiayCmDG3KGOCdHskFTQG4=_15704f26164:de9c0:c87d42b3
            [11] => 90e4KmOTThFk07stLlf8yoiayCmDG3KGOCdHskFTQG4=_15704d6db73:dce43:c87d42b3
            [12] => 90e4KmOTThFk07stLlf8yoiayCmDG3KGOCdHskFTQG4=_15704d6db73:dce42:c87d42b3
            [13] => 90e4KmOTThFk07stLlf8yoiayCmDG3KGOCdHskFTQG4=_15704d6db73:dce41:c87d42b3
            [14] => 90e4KmOTThFk07stLlf8yoiayCmDG3KGOCdHskFTQG4=_15704bb0c1b:dbb55:c87d42b3
            [15] => 90e4KmOTThFk07stLlf8yoiayCmDG3KGOCdHskFTQG4=_157049f93f4:da288:c87d42b3
            [16] => 90e4KmOTThFk07stLlf8yoiayCmDG3KGOCdHskFTQG4=_157049f93f4:da287:c87d42b3
            [17] => 90e4KmOTThFk07stLlf8yoiayCmDG3KGOCdHskFTQG4=_15704689c45:d77bf:c87d42b3
            [18] => 90e4KmOTThFk07stLlf8yoiayCmDG3KGOCdHskFTQG4=_157044d2328:d6685:c87d42b3
            [19] => 90e4KmOTThFk07stLlf8yoiayCmDG3KGOCdHskFTQG4=_157044d2328:d6684:c87d42b3
        )

)

2016-09-07 19:23:54 - Array
(
    [continuation] => 15704cf268f:dc3eb:c87d42b3
    [ids] => Array
        (
            [0] => rCJg7pKVnNYe+cGb+lsdnTD6zmt4MNGy627zsl0vNH4=_1570559190b:e3d9b:c87d42b3
            [1] => rCJg7pKVnNYe+cGb+lsdnTD6zmt4MNGy627zsl0vNH4=_1570559190b:e3d9a:c87d42b3
            [2] => rCJg7pKVnNYe+cGb+lsdnTD6zmt4MNGy627zsl0vNH4=_1570559190b:e3d99:c87d42b3
            [3] => rCJg7pKVnNYe+cGb+lsdnTD6zmt4MNGy627zsl0vNH4=_1570559190b:e3d98:c87d42b3
            [4] => rCJg7pKVnNYe+cGb+lsdnTD6zmt4MNGy627zsl0vNH4=_157053d914b:e1e59:c87d42b3
            [5] => rCJg7pKVnNYe+cGb+lsdnTD6zmt4MNGy627zsl0vNH4=_157053d914b:e1e58:c87d42b3
            [6] => rCJg7pKVnNYe+cGb+lsdnTD6zmt4MNGy627zsl0vNH4=_157053d914b:e1e57:c87d42b3
            [7] => rCJg7pKVnNYe+cGb+lsdnTD6zmt4MNGy627zsl0vNH4=_1570521ff05:e0eed:c87d42b3
            [8] => rCJg7pKVnNYe+cGb+lsdnTD6zmt4MNGy627zsl0vNH4=_1570521ff05:e0eec:c87d42b3
            [9] => rCJg7pKVnNYe+cGb+lsdnTD6zmt4MNGy627zsl0vNH4=_15705068166:df2fb:c87d42b3
            [10] => rCJg7pKVnNYe+cGb+lsdnTD6zmt4MNGy627zsl0vNH4=_15704eab2e8:de22f:c87d42b3
            [11] => rCJg7pKVnNYe+cGb+lsdnTD6zmt4MNGy627zsl0vNH4=_15704eab2e8:de22e:c87d42b3
            [12] => rCJg7pKVnNYe+cGb+lsdnTD6zmt4MNGy627zsl0vNH4=_15704cf268f:dc3f2:c87d42b3
            [13] => rCJg7pKVnNYe+cGb+lsdnTD6zmt4MNGy627zsl0vNH4=_15704cf268f:dc3f1:c87d42b3
            [14] => rCJg7pKVnNYe+cGb+lsdnTD6zmt4MNGy627zsl0vNH4=_15704cf268f:dc3f0:c87d42b3
            [15] => rCJg7pKVnNYe+cGb+lsdnTD6zmt4MNGy627zsl0vNH4=_15704cf268f:dc3ef:c87d42b3
            [16] => rCJg7pKVnNYe+cGb+lsdnTD6zmt4MNGy627zsl0vNH4=_15704cf268f:dc3ee:c87d42b3
            [17] => rCJg7pKVnNYe+cGb+lsdnTD6zmt4MNGy627zsl0vNH4=_15704cf268f:dc3ed:c87d42b3
            [18] => rCJg7pKVnNYe+cGb+lsdnTD6zmt4MNGy627zsl0vNH4=_15704cf268f:dc3ec:c87d42b3
            [19] => rCJg7pKVnNYe+cGb+lsdnTD6zmt4MNGy627zsl0vNH4=_15704cf268f:dc3eb:c87d42b3
        )

)

2016-09-07 19:23:57 - Array
(
    [continuation] => 15704d9c770:dd1e2:c87d42b3
    [ids] => Array
        (
            [0] => 1CGdPGnQy3iR9lJU8cllnVHz98faEvL13SfM07RBdZA=_15705641dba:e4659:c87d42b3
            [1] => 1CGdPGnQy3iR9lJU8cllnVHz98faEvL13SfM07RBdZA=_15705641dba:e4658:c87d42b3
            [2] => 1CGdPGnQy3iR9lJU8cllnVHz98faEvL13SfM07RBdZA=_15705641dba:e4657:c87d42b3
            [3] => 1CGdPGnQy3iR9lJU8cllnVHz98faEvL13SfM07RBdZA=_15705641dba:e4656:c87d42b3
            [4] => 1CGdPGnQy3iR9lJU8cllnVHz98faEvL13SfM07RBdZA=_15705641dba:e4655:c87d42b3
            [5] => 1CGdPGnQy3iR9lJU8cllnVHz98faEvL13SfM07RBdZA=_15705489521:e2c09:c87d42b3
            [6] => 1CGdPGnQy3iR9lJU8cllnVHz98faEvL13SfM07RBdZA=_15705489521:e2c08:c87d42b3
            [7] => 1CGdPGnQy3iR9lJU8cllnVHz98faEvL13SfM07RBdZA=_15705489521:e2c07:c87d42b3
            [8] => 1CGdPGnQy3iR9lJU8cllnVHz98faEvL13SfM07RBdZA=_157052cc23f:e17a7:c87d42b3
            [9] => 1CGdPGnQy3iR9lJU8cllnVHz98faEvL13SfM07RBdZA=_157052cc23f:e17a6:c87d42b3
            [10] => 1CGdPGnQy3iR9lJU8cllnVHz98faEvL13SfM07RBdZA=_157052cc23f:e17a5:c87d42b3
            [11] => 1CGdPGnQy3iR9lJU8cllnVHz98faEvL13SfM07RBdZA=_15705113dc5:dffdf:c87d42b3
            [12] => 1CGdPGnQy3iR9lJU8cllnVHz98faEvL13SfM07RBdZA=_15705113dc5:dffde:c87d42b3
            [13] => 1CGdPGnQy3iR9lJU8cllnVHz98faEvL13SfM07RBdZA=_15704f58338:deae5:c87d42b3
            [14] => 1CGdPGnQy3iR9lJU8cllnVHz98faEvL13SfM07RBdZA=_15704f58338:deae4:c87d42b3
            [15] => 1CGdPGnQy3iR9lJU8cllnVHz98faEvL13SfM07RBdZA=_15704f58338:deae3:c87d42b3
            [16] => 1CGdPGnQy3iR9lJU8cllnVHz98faEvL13SfM07RBdZA=_15704f58338:deae2:c87d42b3
            [17] => 1CGdPGnQy3iR9lJU8cllnVHz98faEvL13SfM07RBdZA=_15704f58338:deae1:c87d42b3
            [18] => 1CGdPGnQy3iR9lJU8cllnVHz98faEvL13SfM07RBdZA=_15704d9c770:dd1e3:c87d42b3
            [19] => 1CGdPGnQy3iR9lJU8cllnVHz98faEvL13SfM07RBdZA=_15704d9c770:dd1e2:c87d42b3
        )

)

2016-09-07 19:23:58 - Array
(
    [continuation] => 157047638db:d8749:c87d42b3
    [ids] => Array
        (
            [0] => uYunhGc6mnMcwnCnr6rDEvRhdZsfgW3FK1p4gMSHkiM=_157056f1d4e:e4978:c87d42b3
            [1] => uYunhGc6mnMcwnCnr6rDEvRhdZsfgW3FK1p4gMSHkiM=_157055399a1:e3a56:c87d42b3
            [2] => uYunhGc6mnMcwnCnr6rDEvRhdZsfgW3FK1p4gMSHkiM=_157055399a1:e3a55:c87d42b3
            [3] => uYunhGc6mnMcwnCnr6rDEvRhdZsfgW3FK1p4gMSHkiM=_157055399a1:e3a54:c87d42b3
            [4] => uYunhGc6mnMcwnCnr6rDEvRhdZsfgW3FK1p4gMSHkiM=_15705381ddf:e1b25:c87d42b3
            [5] => uYunhGc6mnMcwnCnr6rDEvRhdZsfgW3FK1p4gMSHkiM=_15705381ddf:e1b24:c87d42b3
            [6] => uYunhGc6mnMcwnCnr6rDEvRhdZsfgW3FK1p4gMSHkiM=_15705381ddf:e1b23:c87d42b3
            [7] => uYunhGc6mnMcwnCnr6rDEvRhdZsfgW3FK1p4gMSHkiM=_15705381ddf:e1b22:c87d42b3
            [8] => uYunhGc6mnMcwnCnr6rDEvRhdZsfgW3FK1p4gMSHkiM=_15705381ddf:e1b21:c87d42b3
            [9] => uYunhGc6mnMcwnCnr6rDEvRhdZsfgW3FK1p4gMSHkiM=_157051c6b72:e0bd0:c87d42b3
            [10] => uYunhGc6mnMcwnCnr6rDEvRhdZsfgW3FK1p4gMSHkiM=_15705007946:dee12:c87d42b3
            [11] => uYunhGc6mnMcwnCnr6rDEvRhdZsfgW3FK1p4gMSHkiM=_15705007946:dee11:c87d42b3
            [12] => uYunhGc6mnMcwnCnr6rDEvRhdZsfgW3FK1p4gMSHkiM=_15704e4ca0e:ddeb6:c87d42b3
            [13] => uYunhGc6mnMcwnCnr6rDEvRhdZsfgW3FK1p4gMSHkiM=_15704e4ca0e:ddeb5:c87d42b3
            [14] => uYunhGc6mnMcwnCnr6rDEvRhdZsfgW3FK1p4gMSHkiM=_15704ad63d5:db1c1:c87d42b3
            [15] => uYunhGc6mnMcwnCnr6rDEvRhdZsfgW3FK1p4gMSHkiM=_1570491b4b9:d9532:c87d42b3
            [16] => uYunhGc6mnMcwnCnr6rDEvRhdZsfgW3FK1p4gMSHkiM=_1570491b4b9:d9531:c87d42b3
            [17] => uYunhGc6mnMcwnCnr6rDEvRhdZsfgW3FK1p4gMSHkiM=_1570491b4b9:d9530:c87d42b3
            [18] => uYunhGc6mnMcwnCnr6rDEvRhdZsfgW3FK1p4gMSHkiM=_157047638db:d874a:c87d42b3
            [19] => uYunhGc6mnMcwnCnr6rDEvRhdZsfgW3FK1p4gMSHkiM=_157047638db:d8749:c87d42b3
        )

)

2016-09-07 19:24:00 - Array
(
    [continuation] => 15701241e36:bd86a:c87d42b3
    [ids] => Array
        (
            [0] => HRVU43C3QNjI2YNW0cqiEhW1I1mfsY0OucW0UZuUljs=_157055bafc8:e40ec:c87d42b3
            [1] => HRVU43C3QNjI2YNW0cqiEhW1I1mfsY0OucW0UZuUljs=_157055bafc8:e40eb:c87d42b3
            [2] => HRVU43C3QNjI2YNW0cqiEhW1I1mfsY0OucW0UZuUljs=_15704ec5475:de413:c87d42b3
            [3] => HRVU43C3QNjI2YNW0cqiEhW1I1mfsY0OucW0UZuUljs=_157049993b6:d9b91:c87d42b3
            [4] => HRVU43C3QNjI2YNW0cqiEhW1I1mfsY0OucW0UZuUljs=_15704625d3d:d7129:c87d42b3
            [5] => HRVU43C3QNjI2YNW0cqiEhW1I1mfsY0OucW0UZuUljs=_1570446561c:d61ac:c87d42b3
            [6] => HRVU43C3QNjI2YNW0cqiEhW1I1mfsY0OucW0UZuUljs=_1570446561c:d61ab:c87d42b3
            [7] => HRVU43C3QNjI2YNW0cqiEhW1I1mfsY0OucW0UZuUljs=_157042ad361:d496f:c87d42b3
            [8] => HRVU43C3QNjI2YNW0cqiEhW1I1mfsY0OucW0UZuUljs=_15703d79716:d185e:c87d42b3
            [9] => HRVU43C3QNjI2YNW0cqiEhW1I1mfsY0OucW0UZuUljs=_15703d79716:d185d:c87d42b3
            [10] => HRVU43C3QNjI2YNW0cqiEhW1I1mfsY0OucW0UZuUljs=_15703bc1068:d041f:c87d42b3
            [11] => HRVU43C3QNjI2YNW0cqiEhW1I1mfsY0OucW0UZuUljs=_15703160241:cb0a5:c87d42b3
            [12] => HRVU43C3QNjI2YNW0cqiEhW1I1mfsY0OucW0UZuUljs=_15702c32607:c8f8c:c87d42b3
            [13] => HRVU43C3QNjI2YNW0cqiEhW1I1mfsY0OucW0UZuUljs=_157028bafa7:c79db:c87d42b3
            [14] => HRVU43C3QNjI2YNW0cqiEhW1I1mfsY0OucW0UZuUljs=_157028bafa7:c79da:c87d42b3
            [15] => HRVU43C3QNjI2YNW0cqiEhW1I1mfsY0OucW0UZuUljs=_157027019b4:c6d0d:c87d42b3
            [16] => HRVU43C3QNjI2YNW0cqiEhW1I1mfsY0OucW0UZuUljs=_157027019b4:c6d0c:c87d42b3
            [17] => HRVU43C3QNjI2YNW0cqiEhW1I1mfsY0OucW0UZuUljs=_157027019b4:c6d0b:c87d42b3
            [18] => HRVU43C3QNjI2YNW0cqiEhW1I1mfsY0OucW0UZuUljs=_15701929031:c132f:c87d42b3
            [19] => HRVU43C3QNjI2YNW0cqiEhW1I1mfsY0OucW0UZuUljs=_15701241e36:bd86a:c87d42b3
        )

)

2016-09-07 19:24:01 - Array
(
    [continuation] => 157038bcf7a:ceb39:c87d42b3
    [ids] => Array
        (
            [0] => qvp3ktcoRC66PXWCqBjxN2MbWYclffkPjNpADz/+guA=_15705624e8e:e45b8:c87d42b3
            [1] => qvp3ktcoRC66PXWCqBjxN2MbWYclffkPjNpADz/+guA=_15705624e8e:e45b7:c87d42b3
            [2] => qvp3ktcoRC66PXWCqBjxN2MbWYclffkPjNpADz/+guA=_157050f8c7c:dfd6a:c87d42b3
            [3] => qvp3ktcoRC66PXWCqBjxN2MbWYclffkPjNpADz/+guA=_157050f8c7c:dfd69:c87d42b3
            [4] => qvp3ktcoRC66PXWCqBjxN2MbWYclffkPjNpADz/+guA=_157050f8c7c:dfd68:c87d42b3
            [5] => qvp3ktcoRC66PXWCqBjxN2MbWYclffkPjNpADz/+guA=_157050f8c7c:dfd67:c87d42b3
            [6] => qvp3ktcoRC66PXWCqBjxN2MbWYclffkPjNpADz/+guA=_157050f8c7c:dfd66:c87d42b3
            [7] => qvp3ktcoRC66PXWCqBjxN2MbWYclffkPjNpADz/+guA=_15704f38960:dea1e:c87d42b3
            [8] => qvp3ktcoRC66PXWCqBjxN2MbWYclffkPjNpADz/+guA=_15704d812b6:dcf89:c87d42b3
            [9] => qvp3ktcoRC66PXWCqBjxN2MbWYclffkPjNpADz/+guA=_15704696c54:d78bd:c87d42b3
            [10] => qvp3ktcoRC66PXWCqBjxN2MbWYclffkPjNpADz/+guA=_1570431fb21:d4f80:c87d42b3
            [11] => qvp3ktcoRC66PXWCqBjxN2MbWYclffkPjNpADz/+guA=_15703fa8f2c:d2c9e:c87d42b3
            [12] => qvp3ktcoRC66PXWCqBjxN2MbWYclffkPjNpADz/+guA=_15703de92ed:d1d7c:c87d42b3
            [13] => qvp3ktcoRC66PXWCqBjxN2MbWYclffkPjNpADz/+guA=_15703de92ed:d1d7b:c87d42b3
            [14] => qvp3ktcoRC66PXWCqBjxN2MbWYclffkPjNpADz/+guA=_15703a770e9:cfcfd:c87d42b3
            [15] => qvp3ktcoRC66PXWCqBjxN2MbWYclffkPjNpADz/+guA=_15703a770e9:cfcfc:c87d42b3
            [16] => qvp3ktcoRC66PXWCqBjxN2MbWYclffkPjNpADz/+guA=_15703a770e9:cfcfb:c87d42b3
            [17] => qvp3ktcoRC66PXWCqBjxN2MbWYclffkPjNpADz/+guA=_157038bcf7a:ceb3b:c87d42b3
            [18] => qvp3ktcoRC66PXWCqBjxN2MbWYclffkPjNpADz/+guA=_157038bcf7a:ceb3a:c87d42b3
            [19] => qvp3ktcoRC66PXWCqBjxN2MbWYclffkPjNpADz/+guA=_157038bcf7a:ceb39:c87d42b3
        )

)

